Log file open, 05/13/19 16:58:58
LogWindows: Failed to load 'aqProf.dll' (GetLastError=126)
LogWindows: File 'aqProf.dll' does not exist
LogWindows: Failed to load 'VtuneApi.dll' (GetLastError=126)
LogWindows: File 'VtuneApi.dll' does not exist
LogWindows: Failed to load 'VtuneApi32e.dll' (GetLastError=126)
LogWindows: File 'VtuneApi32e.dll' does not exist
LogConsoleResponse: Display: Failed to find resolution value strings in scalability ini. Falling back to default.
LogInit: Display: Running engine for game: BeyondHorizons
LogPakFile: Registered encryption key '00000000000000000000000000000000': 0 pak files mounted, 0 remain pending
LogPlatformFile: Not using cached read wrapper
LogTaskGraph: Started task graph with 5 named threads and 14 total threads with 3 sets of task threads.
LogStats: Stats thread started at 0.201951
LogD3D11RHI: Loaded GFSDK_Aftermath_Lib.x64.dll
LogICUInternationalization: ICU TimeZone Detection - Raw Offset: +2:00, Platform Override: ''
LogPluginManager: Mounting plugin Paper2D
LogPluginManager: Mounting plugin AISupport
LogPluginManager: Mounting plugin LightPropagationVolume
LogPluginManager: Mounting plugin ActorLayerUtilities
LogPluginManager: Mounting plugin AnimationSharing
LogPluginManager: Mounting plugin CLionSourceCodeAccess
LogPluginManager: Mounting plugin CodeLiteSourceCodeAccess
LogPluginManager: Mounting plugin GitSourceControl
LogPluginManager: Mounting plugin KDevelopSourceCodeAccess
LogPluginManager: Mounting plugin NullSourceCodeAccess
LogPluginManager: Mounting plugin PerforceSourceControl
LogPluginManager: Mounting plugin SubversionSourceControl
LogPluginManager: Mounting plugin UObjectPlugin
LogPluginManager: Mounting plugin VisualStudioCodeSourceCodeAccess
LogPluginManager: Mounting plugin VisualStudioSourceCodeAccess
LogPluginManager: Mounting plugin XCodeSourceCodeAccess
LogPluginManager: Mounting plugin AssetManagerEditor
LogPluginManager: Mounting plugin CryptoKeys
LogPluginManager: Mounting plugin DataValidation
LogPluginManager: Mounting plugin FacialAnimation
LogPluginManager: Mounting plugin GameplayTagsEditor
LogPluginManager: Mounting plugin MacGraphicsSwitching
LogPluginManager: Mounting plugin MaterialAnalyzer
LogPluginManager: Mounting plugin MobileLauncherProfileWizard
LogPluginManager: Mounting plugin PluginBrowser
LogPluginManager: Mounting plugin SpeedTreeImporter
LogPluginManager: Mounting plugin DatasmithContent
LogPluginManager: Mounting plugin VariantManagerContent
LogPluginManager: Mounting plugin AlembicImporter
LogPluginManager: Mounting plugin AppleImageUtils
LogPluginManager: Mounting plugin AppleVision
LogPluginManager: Mounting plugin BackChannel
LogPluginManager: Mounting plugin CharacterAI
LogPluginManager: Mounting plugin GeometryCache
LogPluginManager: Mounting plugin HTML5Networking
LogPluginManager: Mounting plugin ProxyLODPlugin
LogPluginManager: Mounting plugin SkeletalReduction
LogPluginManager: Mounting plugin MagicLeap
LogPluginManager: Mounting plugin MagicLeapMedia
LogPluginManager: Mounting plugin AndroidMedia
LogPluginManager: Mounting plugin AvfMedia
LogPluginManager: Mounting plugin ImgMedia
LogPluginManager: Mounting plugin LinearTimecode
LogPluginManager: Mounting plugin MediaCompositing
LogPluginManager: Mounting plugin MediaPlayerEditor
LogPluginManager: Mounting plugin WebMMedia
LogPluginManager: Mounting plugin WmfMedia
LogPluginManager: Mounting plugin TcpMessaging
LogPluginManager: Mounting plugin UdpMessaging
LogPluginManager: Mounting plugin ActorSequence
LogPluginManager: Mounting plugin LevelSequenceEditor
LogPluginManager: Mounting plugin MatineeToLevelSequence
LogPluginManager: Mounting plugin NetcodeUnitTest
LogPluginManager: Mounting plugin NUTUnrealEngine4
LogPluginManager: Mounting plugin OnlineSubsystemGooglePlay
LogPluginManager: Mounting plugin OnlineSubsystemIOS
LogPluginManager: Mounting plugin OnlineSubsystem
LogPluginManager: Mounting plugin OnlineSubsystemNull
LogPluginManager: Mounting plugin OnlineSubsystemUtils
LogPluginManager: Mounting plugin LauncherChunkInstaller
LogPluginManager: Mounting plugin AndroidDeviceProfileSelector
LogPluginManager: Mounting plugin AndroidMoviePlayer
LogPluginManager: Mounting plugin AndroidPermission
LogPluginManager: Mounting plugin AppleMoviePlayer
LogPluginManager: Mounting plugin ArchVisCharacter
LogPluginManager: Mounting plugin AudioCapture
LogPluginManager: Mounting plugin CableComponent
LogPluginManager: Mounting plugin CustomMeshComponent
LogPluginManager: Mounting plugin EditableMesh
LogPluginManager: Mounting plugin ExampleDeviceProfileSelector
LogPluginManager: Mounting plugin Firebase
LogPluginManager: Mounting plugin GoogleCloudMessaging
LogPluginManager: Mounting plugin IOSDeviceProfileSelector
LogPluginManager: Mounting plugin LinuxDeviceProfileSelector
LogPluginManager: Mounting plugin LocationServicesBPLibrary
LogPluginManager: Mounting plugin MobilePatchingUtils
LogPluginManager: Mounting plugin OculusVR
LogPluginManager: Mounting plugin PhysXVehicles
LogPluginManager: Mounting plugin ProceduralMeshComponent
LogPluginManager: Mounting plugin RuntimePhysXCooking
LogPluginManager: Mounting plugin SignificanceManager
LogPluginManager: Mounting plugin SteamVR
LogPluginManager: Mounting plugin WebMMoviePlayer
LogPluginManager: Mounting plugin WindowsMoviePlayer
LogInit: Using libcurl 7.55.1-DEV
LogInit:  - built for x86_64-pc-win32
LogInit:  - supports SSL with OpenSSL/1.1.1
LogInit:  - supports HTTP deflate (compression) using libz 1.2.8
LogInit:  - other features:
LogInit:      CURL_VERSION_SSL
LogInit:      CURL_VERSION_LIBZ
LogInit:      CURL_VERSION_IPV6
LogInit:      CURL_VERSION_ASYNCHDNS
LogInit:      CURL_VERSION_LARGEFILE
LogInit:      CURL_VERSION_IDN
LogInit:  CurlRequestOptions (configurable via config and command line):
LogInit:  - bVerifyPeer = true  - Libcurl will verify peer certificate
LogInit:  - bUseHttpProxy = false  - Libcurl will NOT use HTTP proxy
LogInit:  - bDontReuseConnections = false  - Libcurl will reuse connections
LogInit:  - MaxHostConnections = 16  - Libcurl will limit the number of connections to a host
LogInit:  - LocalHostAddr = Default
LogInit:  - BufferSize = 65536
LogInit: WinSock: version 1.1 (2.2), MaxSocks=32767, MaxUdp=65467
LogInit: Build: ++UE4+Release-4.22-CL-6063286
LogInit: Engine Version: 4.22.1-6063286+++UE4+Release-4.22
LogInit: Compatible Engine Version: 4.22.0-5660361+++UE4+Release-4.22
LogInit: Net CL: 5660361
LogInit: OS: Windows 10 (Release 1803) (), CPU: Intel(R) Core(TM) i5-4460  CPU @ 3.20GHz, GPU: NVIDIA GeForce GTX 1060 6GB
LogInit: Compiled (64-bit): Apr 24 2019 04:36:48
LogInit: Compiled with Visual C++: 19.16.27025.01
LogInit: Build Configuration: Development
LogInit: Branch Name: ++UE4+Release-4.22
LogInit: Command Line:  -EpicPortal -epicusername=MrTudi -epicuserid=0a13098b77de4a77833e5f514521dd09 -epiclocale=en-US
LogInit: Base Directory: E:/Program Files/UE_4.22/Engine/Binaries/Win64/
LogInit: Installed Engine Build: 1
LogDevObjectVersion: Number of dev versions registered: 23
LogDevObjectVersion:   Dev-Blueprints (B0D832E4-1F89-4F0D-ACCF-7EB736FD4AA2): 10
LogDevObjectVersion:   Dev-Build (E1C64328-A22C-4D53-A36C-8E866417BD8C): 0
LogDevObjectVersion:   Dev-Core (375EC13C-06E4-48FB-B500-84F0262A717E): 3
LogDevObjectVersion:   Dev-Editor (E4B068ED-F494-42E9-A231-DA0B2E46BB41): 30
LogDevObjectVersion:   Dev-Framework (CFFC743F-43B0-4480-9391-14DF171D2073): 35
LogDevObjectVersion:   Dev-Mobile (B02B49B5-BB20-44E9-A304-32B752E40360): 2
LogDevObjectVersion:   Dev-Networking (A4E4105C-59A1-49B5-A7C5-40C4547EDFEE): 0
LogDevObjectVersion:   Dev-Online (39C831C9-5AE6-47DC-9A44-9C173E1C8E7C): 0
LogDevObjectVersion:   Dev-Physics (78F01B33-EBEA-4F98-B9B4-84EACCB95AA2): 0
LogDevObjectVersion:   Dev-Platform (6631380F-2D4D-43E0-8009-CF276956A95A): 0
LogDevObjectVersion:   Dev-Rendering (12F88B9F-8875-4AFC-A67C-D90C383ABD29): 28
LogDevObjectVersion:   Dev-Sequencer (7B5AE74C-D270-4C10-A958-57980B212A5A): 11
LogDevObjectVersion:   Dev-VR (D7296918-1DD6-4BDD-9DE2-64A83CC13884): 2
LogDevObjectVersion:   Dev-LoadTimes (C2A15278-BFE7-4AFE-6C17-90FF531DF755): 1
LogDevObjectVersion:   Private-Geometry (6EACA3D4-40EC-4CC1-B786-8BED09428FC5): 3
LogDevObjectVersion:   Dev-AnimPhys (29E575DD-E0A3-4627-9D10-D276232CDCEA): 17
LogDevObjectVersion:   Dev-Anim (AF43A65D-7FD3-4947-9873-3E8ED9C1BB05): 2
LogDevObjectVersion:   Dev-ReflectionCapture (6B266CEC-1EC7-4B8F-A30B-E4D90942FC07): 1
LogDevObjectVersion:   Dev-Automation (0DF73D61-A23F-47EA-B727-89E90C41499A): 1
LogDevObjectVersion:   FortniteMain (601D1886-AC64-4F84-AA16-D3DE0DEAC7D6): 25
LogDevObjectVersion:   Dev-Enterprise (9DFFBCD6-494F-0158-E221-12823C92A888): 6
LogDevObjectVersion:   Dev-Niagara (F2AED0AC-9AFE-416F-8664-AA7FFA26D6FC): 1
LogDevObjectVersion:   Dev-Destruction (174F1F0B-B4C6-45A5-B13F-2EE8D0FB917D): 2
LogInit: Presizing for max 16777216 objects, including 0 objects not considered by GC, pre-allocating 0 bytes for permanent pool.
LogInit: Object subsystem initialized
LogConfig: Setting CVar [[con.DebugEarlyDefault:1]]
LogConfig: Setting CVar [[r.setres:1280x720]]
[2019.05.13-13.58.59:144][  0]LogConfig: Setting CVar [[r.VSync:0]]
[2019.05.13-13.58.59:144][  0]LogConfig: Setting CVar [[r.RHICmdBypass:0]]
[2019.05.13-13.58.59:145][  0]LogConfig: Applying CVar settings from Section [/Script/Engine.RendererSettings] File [C:/Users/Tudor/Documents/Unreal Projects/Beyond-Horizons/Saved/Config/Windows/Engine.ini]
[2019.05.13-13.58.59:145][  0]LogConfig: Setting CVar [[r.GPUCrashDebugging:0]]
[2019.05.13-13.58.59:145][  0]LogConfig: Applying CVar settings from Section [/Script/Engine.RendererOverrideSettings] File [C:/Users/Tudor/Documents/Unreal Projects/Beyond-Horizons/Saved/Config/Windows/Engine.ini]
[2019.05.13-13.58.59:145][  0]LogConfig: Applying CVar settings from Section [/Script/Engine.StreamingSettings] File [C:/Users/Tudor/Documents/Unreal Projects/Beyond-Horizons/Saved/Config/Windows/Engine.ini]
[2019.05.13-13.58.59:145][  0]LogConfig: Setting CVar [[s.MinBulkDataSizeForAsyncLoading:131072]]
[2019.05.13-13.58.59:145][  0]LogConfig: Setting CVar [[s.AsyncLoadingThreadEnabled:0]]
[2019.05.13-13.58.59:145][  0]LogConfig: Setting CVar [[s.EventDrivenLoaderEnabled:1]]
[2019.05.13-13.58.59:145][  0]LogConfig: Setting CVar [[s.WarnIfTimeLimitExceeded:0]]
[2019.05.13-13.58.59:145][  0]LogConfig: Setting CVar [[s.TimeLimitExceededMultiplier:1.5]]
[2019.05.13-13.58.59:145][  0]LogConfig: Setting CVar [[s.TimeLimitExceededMinTime:0.005]]
[2019.05.13-13.58.59:145][  0]LogConfig: Setting CVar [[s.UseBackgroundLevelStreaming:1]]
[2019.05.13-13.58.59:145][  0]LogConfig: Setting CVar [[s.PriorityAsyncLoadingExtraTime:15.0]]
[2019.05.13-13.58.59:145][  0]LogConfig: Setting CVar [[s.LevelStreamingActorsUpdateTimeLimit:5.0]]
[2019.05.13-13.58.59:145][  0]LogConfig: Setting CVar [[s.PriorityLevelStreamingActorsUpdateExtraTime:5.0]]
[2019.05.13-13.58.59:145][  0]LogConfig: Setting CVar [[s.LevelStreamingComponentsRegistrationGranularity:10]]
[2019.05.13-13.58.59:145][  0]LogConfig: Setting CVar [[s.UnregisterComponentsTimeLimit:1.0]]
[2019.05.13-13.58.59:145][  0]LogConfig: Setting CVar [[s.LevelStreamingComponentsUnregistrationGranularity:5]]
[2019.05.13-13.58.59:145][  0]LogConfig: Applying CVar settings from Section [/Script/Engine.GarbageCollectionSettings] File [C:/Users/Tudor/Documents/Unreal Projects/Beyond-Horizons/Saved/Config/Windows/Engine.ini]
[2019.05.13-13.58.59:145][  0]LogConfig: Setting CVar [[gc.MaxObjectsNotConsideredByGC:1]]
[2019.05.13-13.58.59:145][  0]LogConfig: Setting CVar [[gc.SizeOfPermanentObjectPool:0]]
[2019.05.13-13.58.59:145][  0]LogConfig: Setting CVar [[gc.FlushStreamingOnGC:0]]
[2019.05.13-13.58.59:145][  0]LogConfig: Setting CVar [[gc.NumRetriesBeforeForcingGC:10]]
[2019.05.13-13.58.59:145][  0]LogConfig: Setting CVar [[gc.AllowParallelGC:1]]
[2019.05.13-13.58.59:145][  0]LogConfig: Setting CVar [[gc.TimeBetweenPurgingPendingKillObjects:61.1]]
[2019.05.13-13.58.59:145][  0]LogConfig: Setting CVar [[gc.MaxObjectsInEditor:16777216]]
[2019.05.13-13.58.59:145][  0]LogConfig: Setting CVar [[gc.IncrementalBeginDestroyEnabled:1]]
[2019.05.13-13.58.59:145][  0]LogConfig: Setting CVar [[gc.CreateGCClusters:1]]
[2019.05.13-13.58.59:145][  0]LogConfig: Setting CVar [[gc.MinGCClusterSize:5]]
[2019.05.13-13.58.59:145][  0]LogConfig: Setting CVar [[gc.ActorClusteringEnabled:0]]
[2019.05.13-13.58.59:145][  0]LogConfig: Setting CVar [[gc.BlueprintClusteringEnabled:0]]
[2019.05.13-13.58.59:145][  0]LogConfig: Setting CVar [[gc.UseDisregardForGCOnDedicatedServers:0]]
[2019.05.13-13.58.59:145][  0]LogConfig: Applying CVar settings from Section [/Script/Engine.NetworkSettings] File [C:/Users/Tudor/Documents/Unreal Projects/Beyond-Horizons/Saved/Config/Windows/Engine.ini]
[2019.05.13-13.58.59:145][  0]LogConfig: Applying CVar settings from Section [/Script/UnrealEd.CookerSettings] File [C:/Users/Tudor/Documents/Unreal Projects/Beyond-Horizons/Saved/Config/Windows/Engine.ini]
[2019.05.13-13.58.59:149][  0]LogConfig: Applying CVar settings from Section [ViewDistanceQuality@3] File [C:/Users/Tudor/Documents/Unreal Projects/Beyond-Horizons/Saved/Config/Windows/Scalability.ini]
[2019.05.13-13.58.59:149][  0]LogConfig: Setting CVar [[r.SkeletalMeshLODBias:0]]
[2019.05.13-13.58.59:149][  0]LogConfig: Setting CVar [[r.ViewDistanceScale:1.0]]
[2019.05.13-13.58.59:149][  0]LogConfig: Applying CVar settings from Section [AntiAliasingQuality@3] File [C:/Users/Tudor/Documents/Unreal Projects/Beyond-Horizons/Saved/Config/Windows/Scalability.ini]
[2019.05.13-13.58.59:149][  0]LogConfig: Setting CVar [[r.PostProcessAAQuality:4]]
[2019.05.13-13.58.59:149][  0]LogConfig: Applying CVar settings from Section [ShadowQuality@3] File [C:/Users/Tudor/Documents/Unreal Projects/Beyond-Horizons/Saved/Config/Windows/Scalability.ini]
[2019.05.13-13.58.59:149][  0]LogConfig: Setting CVar [[r.LightFunctionQuality:1]]
[2019.05.13-13.58.59:149][  0]LogConfig: Setting CVar [[r.ShadowQuality:5]]
[2019.05.13-13.58.59:149][  0]LogConfig: Setting CVar [[r.Shadow.CSM.MaxCascades:10]]
[2019.05.13-13.58.59:149][  0]LogConfig: Setting CVar [[r.Shadow.MaxResolution:2048]]
[2019.05.13-13.58.59:149][  0]LogConfig: Setting CVar [[r.Shadow.MaxCSMResolution:2048]]
[2019.05.13-13.58.59:149][  0]LogConfig: Setting CVar [[r.Shadow.RadiusThreshold:0.01]]
[2019.05.13-13.58.59:149][  0]LogConfig: Setting CVar [[r.Shadow.DistanceScale:1.0]]
[2019.05.13-13.58.59:149][  0]LogConfig: Setting CVar [[r.Shadow.CSM.TransitionScale:1.0]]
[2019.05.13-13.58.59:149][  0]LogConfig: Setting CVar [[r.Shadow.PreShadowResolutionFactor:1.0]]
[2019.05.13-13.58.59:149][  0]LogConfig: Setting CVar [[r.DistanceFieldShadowing:1]]
[2019.05.13-13.58.59:149][  0]LogConfig: Setting CVar [[r.DistanceFieldAO:1]]
[2019.05.13-13.58.59:149][  0]LogConfig: Setting CVar [[r.AOQuality:2]]
[2019.05.13-13.58.59:149][  0]LogConfig: Setting CVar [[r.VolumetricFog:1]]
[2019.05.13-13.58.59:149][  0]LogConfig: Setting CVar [[r.VolumetricFog.GridPixelSize:8]]
[2019.05.13-13.58.59:149][  0]LogConfig: Setting CVar [[r.VolumetricFog.GridSizeZ:128]]
[2019.05.13-13.58.59:149][  0]LogConfig: Setting CVar [[r.VolumetricFog.HistoryMissSupersampleCount:4]]
[2019.05.13-13.58.59:149][  0]LogConfig: Setting CVar [[r.LightMaxDrawDistanceScale:1]]
[2019.05.13-13.58.59:149][  0]LogConfig: Setting CVar [[r.CapsuleShadows:1]]
[2019.05.13-13.58.59:149][  0]LogConfig: Applying CVar settings from Section [PostProcessQuality@3] File [C:/Users/Tudor/Documents/Unreal Projects/Beyond-Horizons/Saved/Config/Windows/Scalability.ini]
[2019.05.13-13.58.59:149][  0]LogConfig: Setting CVar [[r.MotionBlurQuality:4]]
[2019.05.13-13.58.59:149][  0]LogConfig: Setting CVar [[r.AmbientOcclusionMipLevelFactor:0.4]]
[2019.05.13-13.58.59:149][  0]LogConfig: Setting CVar [[r.AmbientOcclusionMaxQuality:100]]
[2019.05.13-13.58.59:149][  0]LogConfig: Setting CVar [[r.AmbientOcclusionLevels:-1]]
[2019.05.13-13.58.59:149][  0]LogConfig: Setting CVar [[r.AmbientOcclusionRadiusScale:1.0]]
[2019.05.13-13.58.59:149][  0]LogConfig: Setting CVar [[r.DepthOfFieldQuality:2]]
[2019.05.13-13.58.59:149][  0]LogConfig: Setting CVar [[r.RenderTargetPoolMin:400]]
[2019.05.13-13.58.59:149][  0]LogConfig: Setting CVar [[r.LensFlareQuality:2]]
[2019.05.13-13.58.59:149][  0]LogConfig: Setting CVar [[r.SceneColorFringeQuality:1]]
[2019.05.13-13.58.59:149][  0]LogConfig: Setting CVar [[r.EyeAdaptationQuality:2]]
[2019.05.13-13.58.59:149][  0]LogConfig: Setting CVar [[r.BloomQuality:5]]
[2019.05.13-13.58.59:149][  0]LogConfig: Setting CVar [[r.FastBlurThreshold:100]]
[2019.05.13-13.58.59:149][  0]LogConfig: Setting CVar [[r.Upscale.Quality:3]]
[2019.05.13-13.58.59:149][  0]LogConfig: Setting CVar [[r.Tonemapper.GrainQuantization:1]]
[2019.05.13-13.58.59:149][  0]LogConfig: Setting CVar [[r.LightShaftQuality:1]]
[2019.05.13-13.58.59:149][  0]LogConfig: Setting CVar [[r.Filter.SizeScale:1]]
[2019.05.13-13.58.59:149][  0]LogConfig: Setting CVar [[r.Tonemapper.Quality:5]]
[2019.05.13-13.58.59:149][  0]LogConfig: Setting CVar [[r.DOF.Gather.AccumulatorQuality:1        ; higher gathering accumulator quality]]
[2019.05.13-13.58.59:149][  0]LogConfig: Setting CVar [[r.DOF.Gather.PostfilterMethod:1          ; Median3x3 postfilering method]]
[2019.05.13-13.58.59:149][  0]LogConfig: Setting CVar [[r.DOF.Gather.EnableBokehSettings:0       ; no bokeh simulation when gathering]]
[2019.05.13-13.58.59:149][  0]LogConfig: Setting CVar [[r.DOF.Gather.RingCount:4                 ; medium number of samples when gathering]]
[2019.05.13-13.58.59:149][  0]LogConfig: Setting CVar [[r.DOF.Scatter.ForegroundCompositing:1    ; additive foreground scattering]]
[2019.05.13-13.58.59:149][  0]LogConfig: Setting CVar [[r.DOF.Scatter.BackgroundCompositing:2    ; additive background scattering]]
[2019.05.13-13.58.59:149][  0]LogConfig: Setting CVar [[r.DOF.Scatter.EnableBokehSettings:1      ; bokeh simulation when scattering]]
[2019.05.13-13.58.59:149][  0]LogConfig: Setting CVar [[r.DOF.Scatter.MaxSpriteRatio:0.1         ; only a maximum of 10% of scattered bokeh]]
[2019.05.13-13.58.59:149][  0]LogConfig: Setting CVar [[r.DOF.Recombine.Quality:1                ; cheap slight out of focus]]
[2019.05.13-13.58.59:149][  0]LogConfig: Setting CVar [[r.DOF.Recombine.EnableBokehSettings:0    ; no bokeh simulation on slight out of focus]]
[2019.05.13-13.58.59:149][  0]LogConfig: Setting CVar [[r.DOF.TemporalAAQuality:1                ; more stable temporal accumulation]]
[2019.05.13-13.58.59:149][  0]LogConfig: Setting CVar [[r.DOF.Kernel.MaxForegroundRadius:0.025]]
[2019.05.13-13.58.59:149][  0]LogConfig: Setting CVar [[r.DOF.Kernel.MaxBackgroundRadius:0.025]]
[2019.05.13-13.58.59:149][  0]LogConfig: Applying CVar settings from Section [TextureQuality@3] File [C:/Users/Tudor/Documents/Unreal Projects/Beyond-Horizons/Saved/Config/Windows/Scalability.ini]
[2019.05.13-13.58.59:149][  0]LogConfig: Setting CVar [[r.Streaming.MipBias:0]]
[2019.05.13-13.58.59:150][  0]LogConfig: Setting CVar [[r.Streaming.AmortizeCPUToGPUCopy:0]]
[2019.05.13-13.58.59:150][  0]LogConfig: Setting CVar [[r.Streaming.MaxNumTexturesToStreamPerFrame:0]]
[2019.05.13-13.58.59:150][  0]LogConfig: Setting CVar [[r.Streaming.Boost:1]]
[2019.05.13-13.58.59:150][  0]LogConfig: Setting CVar [[r.MaxAnisotropy:8]]
[2019.05.13-13.58.59:150][  0]LogConfig: Setting CVar [[r.Streaming.LimitPoolSizeToVRAM:0]]
[2019.05.13-13.58.59:150][  0]LogConfig: Setting CVar [[r.Streaming.PoolSize:1000]]
[2019.05.13-13.58.59:150][  0]LogConfig: Setting CVar [[r.Streaming.MaxEffectiveScreenSize:0]]
[2019.05.13-13.58.59:150][  0]LogConfig: Applying CVar settings from Section [EffectsQuality@3] File [C:/Users/Tudor/Documents/Unreal Projects/Beyond-Horizons/Saved/Config/Windows/Scalability.ini]
[2019.05.13-13.58.59:150][  0]LogConfig: Setting CVar [[r.TranslucencyLightingVolumeDim:64]]
[2019.05.13-13.58.59:150][  0]LogConfig: Setting CVar [[r.RefractionQuality:2]]
[2019.05.13-13.58.59:150][  0]LogConfig: Setting CVar [[r.SSR.Quality:3]]
[2019.05.13-13.58.59:150][  0]LogConfig: Setting CVar [[r.SceneColorFormat:4]]
[2019.05.13-13.58.59:150][  0]LogConfig: Setting CVar [[r.DetailMode:2]]
[2019.05.13-13.58.59:150][  0]LogConfig: Setting CVar [[r.TranslucencyVolumeBlur:1]]
[2019.05.13-13.58.59:150][  0]LogConfig: Setting CVar [[r.MaterialQualityLevel:1 ; High quality]]
[2019.05.13-13.58.59:150][  0]LogConfig: Setting CVar [[r.SSS.Scale:1]]
[2019.05.13-13.58.59:150][  0]LogConfig: Setting CVar [[r.SSS.SampleSet:2]]
[2019.05.13-13.58.59:150][  0]LogConfig: Setting CVar [[r.SSS.Quality:1]]
[2019.05.13-13.58.59:150][  0]LogConfig: Setting CVar [[r.SSS.HalfRes:1]]
[2019.05.13-13.58.59:150][  0]LogConfig: Setting CVar [[r.EmitterSpawnRateScale:1.0]]
[2019.05.13-13.58.59:150][  0]LogConfig: Setting CVar [[r.ParticleLightQuality:2]]
[2019.05.13-13.58.59:150][  0]LogConfig: Applying CVar settings from Section [FoliageQuality@3] File [C:/Users/Tudor/Documents/Unreal Projects/Beyond-Horizons/Saved/Config/Windows/Scalability.ini]
[2019.05.13-13.58.59:150][  0]LogConfig: Setting CVar [[foliage.DensityScale:1.0]]
[2019.05.13-13.58.59:150][  0]LogConfig: Setting CVar [[grass.DensityScale:1.0]]
[2019.05.13-13.58.59:150][  0]LogInit: Selected Device Profile: [Windows]
[2019.05.13-13.58.59:150][  0]LogInit: Applying CVar settings loaded from the selected device profile: [Windows]
[2019.05.13-13.58.59:169][  0]LogHAL: Display: Platform has ~ 16 GB [17034489856 / 17179869184 / 16], which maps to Larger [LargestMinGB=32, LargerMinGB=12, DefaultMinGB=8, SmallerMinGB=6, SmallestMinGB=0)
[2019.05.13-13.58.59:169][  0]LogConfig: Setting CVar [[r.Vulkan.UseRealUBs:0		; Required until we fix HLR fall-out]]
[2019.05.13-13.58.59:169][  0]LogInit: Going up to parent DeviceProfile []
[2019.05.13-13.58.59:169][  0]LogConfig: Applying CVar settings from Section [ViewDistanceQuality@3] File [C:/Users/Tudor/Documents/Unreal Projects/Beyond-Horizons/Saved/Config/Windows/Scalability.ini]
[2019.05.13-13.58.59:169][  0]LogConfig: Setting CVar [[r.SkeletalMeshLODBias:0]]
[2019.05.13-13.58.59:169][  0]LogConfig: Setting CVar [[r.ViewDistanceScale:1.0]]
[2019.05.13-13.58.59:169][  0]LogConfig: Applying CVar settings from Section [AntiAliasingQuality@3] File [C:/Users/Tudor/Documents/Unreal Projects/Beyond-Horizons/Saved/Config/Windows/Scalability.ini]
[2019.05.13-13.58.59:169][  0]LogConfig: Setting CVar [[r.PostProcessAAQuality:4]]
[2019.05.13-13.58.59:169][  0]LogConfig: Applying CVar settings from Section [ShadowQuality@3] File [C:/Users/Tudor/Documents/Unreal Projects/Beyond-Horizons/Saved/Config/Windows/Scalability.ini]
[2019.05.13-13.58.59:169][  0]LogConfig: Setting CVar [[r.LightFunctionQuality:1]]
[2019.05.13-13.58.59:169][  0]LogConfig: Setting CVar [[r.ShadowQuality:5]]
[2019.05.13-13.58.59:169][  0]LogConfig: Setting CVar [[r.Shadow.CSM.MaxCascades:10]]
[2019.05.13-13.58.59:169][  0]LogConfig: Setting CVar [[r.Shadow.MaxResolution:2048]]
[2019.05.13-13.58.59:169][  0]LogConfig: Setting CVar [[r.Shadow.MaxCSMResolution:2048]]
[2019.05.13-13.58.59:169][  0]LogConfig: Setting CVar [[r.Shadow.RadiusThreshold:0.01]]
[2019.05.13-13.58.59:169][  0]LogConfig: Setting CVar [[r.Shadow.DistanceScale:1.0]]
[2019.05.13-13.58.59:169][  0]LogConfig: Setting CVar [[r.Shadow.CSM.TransitionScale:1.0]]
[2019.05.13-13.58.59:169][  0]LogConfig: Setting CVar [[r.Shadow.PreShadowResolutionFactor:1.0]]
[2019.05.13-13.58.59:169][  0]LogConfig: Setting CVar [[r.DistanceFieldShadowing:1]]
[2019.05.13-13.58.59:169][  0]LogConfig: Setting CVar [[r.DistanceFieldAO:1]]
[2019.05.13-13.58.59:169][  0]LogConfig: Setting CVar [[r.AOQuality:2]]
[2019.05.13-13.58.59:169][  0]LogConfig: Setting CVar [[r.VolumetricFog:1]]
[2019.05.13-13.58.59:170][  0]LogConfig: Setting CVar [[r.VolumetricFog.GridPixelSize:8]]
[2019.05.13-13.58.59:170][  0]LogConfig: Setting CVar [[r.VolumetricFog.GridSizeZ:128]]
[2019.05.13-13.58.59:170][  0]LogConfig: Setting CVar [[r.VolumetricFog.HistoryMissSupersampleCount:4]]
[2019.05.13-13.58.59:170][  0]LogConfig: Setting CVar [[r.LightMaxDrawDistanceScale:1]]
[2019.05.13-13.58.59:170][  0]LogConfig: Setting CVar [[r.CapsuleShadows:1]]
[2019.05.13-13.58.59:170][  0]LogConfig: Applying CVar settings from Section [PostProcessQuality@3] File [C:/Users/Tudor/Documents/Unreal Projects/Beyond-Horizons/Saved/Config/Windows/Scalability.ini]
[2019.05.13-13.58.59:170][  0]LogConfig: Setting CVar [[r.MotionBlurQuality:4]]
[2019.05.13-13.58.59:170][  0]LogConfig: Setting CVar [[r.AmbientOcclusionMipLevelFactor:0.4]]
[2019.05.13-13.58.59:170][  0]LogConfig: Setting CVar [[r.AmbientOcclusionMaxQuality:100]]
[2019.05.13-13.58.59:170][  0]LogConfig: Setting CVar [[r.AmbientOcclusionLevels:-1]]
[2019.05.13-13.58.59:170][  0]LogConfig: Setting CVar [[r.AmbientOcclusionRadiusScale:1.0]]
[2019.05.13-13.58.59:170][  0]LogConfig: Setting CVar [[r.DepthOfFieldQuality:2]]
[2019.05.13-13.58.59:170][  0]LogConfig: Setting CVar [[r.RenderTargetPoolMin:400]]
[2019.05.13-13.58.59:170][  0]LogConfig: Setting CVar [[r.LensFlareQuality:2]]
[2019.05.13-13.58.59:170][  0]LogConfig: Setting CVar [[r.SceneColorFringeQuality:1]]
[2019.05.13-13.58.59:170][  0]LogConfig: Setting CVar [[r.EyeAdaptationQuality:2]]
[2019.05.13-13.58.59:170][  0]LogConfig: Setting CVar [[r.BloomQuality:5]]
[2019.05.13-13.58.59:170][  0]LogConfig: Setting CVar [[r.FastBlurThreshold:100]]
[2019.05.13-13.58.59:170][  0]LogConfig: Setting CVar [[r.Upscale.Quality:3]]
[2019.05.13-13.58.59:170][  0]LogConfig: Setting CVar [[r.Tonemapper.GrainQuantization:1]]
[2019.05.13-13.58.59:170][  0]LogConfig: Setting CVar [[r.LightShaftQuality:1]]
[2019.05.13-13.58.59:170][  0]LogConfig: Setting CVar [[r.Filter.SizeScale:1]]
[2019.05.13-13.58.59:170][  0]LogConfig: Setting CVar [[r.Tonemapper.Quality:5]]
[2019.05.13-13.58.59:170][  0]LogConfig: Setting CVar [[r.DOF.Gather.AccumulatorQuality:1        ; higher gathering accumulator quality]]
[2019.05.13-13.58.59:170][  0]LogConfig: Setting CVar [[r.DOF.Gather.PostfilterMethod:1          ; Median3x3 postfilering method]]
[2019.05.13-13.58.59:170][  0]LogConfig: Setting CVar [[r.DOF.Gather.EnableBokehSettings:0       ; no bokeh simulation when gathering]]
[2019.05.13-13.58.59:170][  0]LogConfig: Setting CVar [[r.DOF.Gather.RingCount:4                 ; medium number of samples when gathering]]
[2019.05.13-13.58.59:170][  0]LogConfig: Setting CVar [[r.DOF.Scatter.ForegroundCompositing:1    ; additive foreground scattering]]
[2019.05.13-13.58.59:170][  0]LogConfig: Setting CVar [[r.DOF.Scatter.BackgroundCompositing:2    ; additive background scattering]]
[2019.05.13-13.58.59:170][  0]LogConfig: Setting CVar [[r.DOF.Scatter.EnableBokehSettings:1      ; bokeh simulation when scattering]]
[2019.05.13-13.58.59:170][  0]LogConfig: Setting CVar [[r.DOF.Scatter.MaxSpriteRatio:0.1         ; only a maximum of 10% of scattered bokeh]]
[2019.05.13-13.58.59:170][  0]LogConfig: Setting CVar [[r.DOF.Recombine.Quality:1                ; cheap slight out of focus]]
[2019.05.13-13.58.59:170][  0]LogConfig: Setting CVar [[r.DOF.Recombine.EnableBokehSettings:0    ; no bokeh simulation on slight out of focus]]
[2019.05.13-13.58.59:170][  0]LogConfig: Setting CVar [[r.DOF.TemporalAAQuality:1                ; more stable temporal accumulation]]
[2019.05.13-13.58.59:170][  0]LogConfig: Setting CVar [[r.DOF.Kernel.MaxForegroundRadius:0.025]]
[2019.05.13-13.58.59:170][  0]LogConfig: Setting CVar [[r.DOF.Kernel.MaxBackgroundRadius:0.025]]
[2019.05.13-13.58.59:170][  0]LogConfig: Applying CVar settings from Section [TextureQuality@3] File [C:/Users/Tudor/Documents/Unreal Projects/Beyond-Horizons/Saved/Config/Windows/Scalability.ini]
[2019.05.13-13.58.59:170][  0]LogConfig: Setting CVar [[r.Streaming.MipBias:0]]
[2019.05.13-13.58.59:170][  0]LogConfig: Setting CVar [[r.Streaming.AmortizeCPUToGPUCopy:0]]
[2019.05.13-13.58.59:170][  0]LogConfig: Setting CVar [[r.Streaming.MaxNumTexturesToStreamPerFrame:0]]
[2019.05.13-13.58.59:170][  0]LogConfig: Setting CVar [[r.Streaming.Boost:1]]
[2019.05.13-13.58.59:170][  0]LogConfig: Setting CVar [[r.MaxAnisotropy:8]]
[2019.05.13-13.58.59:170][  0]LogConfig: Setting CVar [[r.Streaming.LimitPoolSizeToVRAM:0]]
[2019.05.13-13.58.59:170][  0]LogConfig: Setting CVar [[r.Streaming.PoolSize:1000]]
[2019.05.13-13.58.59:170][  0]LogConfig: Setting CVar [[r.Streaming.MaxEffectiveScreenSize:0]]
[2019.05.13-13.58.59:170][  0]LogConfig: Applying CVar settings from Section [EffectsQuality@3] File [C:/Users/Tudor/Documents/Unreal Projects/Beyond-Horizons/Saved/Config/Windows/Scalability.ini]
[2019.05.13-13.58.59:170][  0]LogConfig: Setting CVar [[r.TranslucencyLightingVolumeDim:64]]
[2019.05.13-13.58.59:170][  0]LogConfig: Setting CVar [[r.RefractionQuality:2]]
[2019.05.13-13.58.59:170][  0]LogConfig: Setting CVar [[r.SSR.Quality:3]]
[2019.05.13-13.58.59:170][  0]LogConfig: Setting CVar [[r.SceneColorFormat:4]]
[2019.05.13-13.58.59:170][  0]LogConfig: Setting CVar [[r.DetailMode:2]]
[2019.05.13-13.58.59:170][  0]LogConfig: Setting CVar [[r.TranslucencyVolumeBlur:1]]
[2019.05.13-13.58.59:170][  0]LogConfig: Setting CVar [[r.MaterialQualityLevel:1 ; High quality]]
[2019.05.13-13.58.59:170][  0]LogConfig: Setting CVar [[r.SSS.Scale:1]]
[2019.05.13-13.58.59:170][  0]LogConfig: Setting CVar [[r.SSS.SampleSet:2]]
[2019.05.13-13.58.59:170][  0]LogConfig: Setting CVar [[r.SSS.Quality:1]]
[2019.05.13-13.58.59:170][  0]LogConfig: Setting CVar [[r.SSS.HalfRes:1]]
[2019.05.13-13.58.59:170][  0]LogConfig: Setting CVar [[r.EmitterSpawnRateScale:1.0]]
[2019.05.13-13.58.59:170][  0]LogConfig: Setting CVar [[r.ParticleLightQuality:2]]
[2019.05.13-13.58.59:170][  0]LogConfig: Applying CVar settings from Section [FoliageQuality@3] File [C:/Users/Tudor/Documents/Unreal Projects/Beyond-Horizons/Saved/Config/Windows/Scalability.ini]
[2019.05.13-13.58.59:170][  0]LogConfig: Setting CVar [[foliage.DensityScale:1.0]]
[2019.05.13-13.58.59:170][  0]LogConfig: Setting CVar [[grass.DensityScale:1.0]]
[2019.05.13-13.58.59:170][  0]LogConfig: Applying CVar settings from Section [Startup] File [../../../Engine/Config/ConsoleVariables.ini]
[2019.05.13-13.58.59:171][  0]LogConfig: Setting CVar [[net.UseAdaptiveNetUpdateFrequency:0]]
[2019.05.13-13.58.59:171][  0]LogConfig: Setting CVar [[p.chaos.AllowCreatePhysxBodies:1]]
[2019.05.13-13.58.59:171][  0]LogConfig: Applying CVar settings from Section [ConsoleVariables] File [C:/Users/Tudor/Documents/Unreal Projects/Beyond-Horizons/Saved/Config/Windows/Engine.ini]
[2019.05.13-13.58.59:171][  0]LogInit: Computer: TUDOR-PC
[2019.05.13-13.58.59:171][  0]LogInit: User: Tudor
[2019.05.13-13.58.59:171][  0]LogInit: CPU Page size=4096, Cores=4
[2019.05.13-13.58.59:171][  0]LogInit: High frequency timer resolution =3.124994 MHz
[2019.05.13-13.58.59:171][  0]LogMemory: Memory total: Physical=15.9GB (16GB approx)
[2019.05.13-13.58.59:171][  0]LogMemory: Platform Memory Stats for Windows
[2019.05.13-13.58.59:171][  0]LogMemory: Process Physical Memory: 96.55 MB used, 96.55 MB peak
[2019.05.13-13.58.59:171][  0]LogMemory: Process Virtual Memory: 92.00 MB used, 92.00 MB peak
[2019.05.13-13.58.59:171][  0]LogMemory: Physical Memory: 5695.71 MB used,  10549.64 MB free, 16245.36 MB total
[2019.05.13-13.58.59:171][  0]LogMemory: Virtual Memory: 4649.78 MB used,  134213080.00 MB free, 134217728.00 MB total
[2019.05.13-13.58.59:199][  0]LogInit: Using OS detected language (en-US).
[2019.05.13-13.58.59:199][  0]LogInit: Using OS detected locale (en-US).
[2019.05.13-13.58.59:199][  0]LogTextLocalizationManager: No specific localization for 'en-US' exists, so the 'en' localization will be used.
[2019.05.13-13.58.59:419][  0]LogInit: Setting process to per monitor DPI aware
[2019.05.13-13.58.59:451][  0]LogSlate: New Slate User Created.  User Index 0, Is Virtual User: 0
[2019.05.13-13.58.59:451][  0]LogSlate: Slate User Registered.  User Index 0, Is Virtual User: 0
[2019.05.13-13.58.59:634][  0]LogHMD: Failed to initialize OpenVR with code 110
[2019.05.13-13.58.59:634][  0]LogD3D11RHI: D3D11 adapters:
[2019.05.13-13.58.59:716][  0]LogD3D11RHI:    0. 'NVIDIA GeForce GTX 1060 6GB' (Feature Level 11_0)
[2019.05.13-13.58.59:716][  0]LogD3D11RHI:       6052/0/8122 MB DedicatedVideo/DedicatedSystem/SharedSystem, Outputs:1, VendorId:0x10de
[2019.05.13-13.58.59:726][  0]LogD3D11RHI:    1. 'Intel(R) HD Graphics 4600' (Feature Level 11_0)
[2019.05.13-13.58.59:726][  0]LogD3D11RHI:       112/0/2048 MB DedicatedVideo/DedicatedSystem/SharedSystem, Outputs:0, VendorId:0x8086
[2019.05.13-13.58.59:730][  0]LogD3D11RHI:    2. 'Microsoft Basic Render Driver' (Feature Level 11_0)
[2019.05.13-13.58.59:730][  0]LogD3D11RHI:       0/0/8122 MB DedicatedVideo/DedicatedSystem/SharedSystem, Outputs:0, VendorId:0x1414
[2019.05.13-13.58.59:730][  0]LogD3D11RHI: Chosen D3D11 Adapter: 0
[2019.05.13-13.58.59:741][  0]LogD3D11RHI: Creating new Direct3DDevice
[2019.05.13-13.58.59:741][  0]LogD3D11RHI:     GPU DeviceId: 0x1c03 (for the marketing name, search the web for "GPU Device Id")
[2019.05.13-13.58.59:741][  0]LogWindows: EnumDisplayDevices:
[2019.05.13-13.58.59:741][  0]LogWindows:    0. 'NVIDIA GeForce GTX 1060 6GB' (P:1 D:1)
[2019.05.13-13.58.59:742][  0]LogWindows:    1. 'NVIDIA GeForce GTX 1060 6GB' (P:0 D:0)
[2019.05.13-13.58.59:742][  0]LogWindows:    2. 'NVIDIA GeForce GTX 1060 6GB' (P:0 D:0)
[2019.05.13-13.58.59:742][  0]LogWindows:    3. 'NVIDIA GeForce GTX 1060 6GB' (P:0 D:0)
[2019.05.13-13.58.59:743][  0]LogWindows:    4. 'Intel(R) HD Graphics 4600' (P:0 D:0)
[2019.05.13-13.58.59:743][  0]LogWindows:    5. 'Intel(R) HD Graphics 4600' (P:0 D:0)
[2019.05.13-13.58.59:744][  0]LogWindows:    6. 'Intel(R) HD Graphics 4600' (P:0 D:0)
[2019.05.13-13.58.59:744][  0]LogWindows: DebugString: PrimaryIsNotTheChoosenAdapter PrimaryIsNotTheChoosenAdapter PrimaryIsNotTheChoosenAdapter FoundDriverCount:4 
[2019.05.13-13.58.59:744][  0]LogD3D11RHI:     Adapter Name: NVIDIA GeForce GTX 1060 6GB
[2019.05.13-13.58.59:744][  0]LogD3D11RHI:   Driver Version: 416.81 (internal:25.21.14.1681, unified:416.81)
[2019.05.13-13.58.59:744][  0]LogD3D11RHI:      Driver Date: 11-2-2018
[2019.05.13-13.58.59:744][  0]LogRHI: Texture pool is 4236 MB (70% of 6052 MB)
[2019.05.13-13.58.59:797][  0]LogD3D11RHI: Async texture creation enabled
[2019.05.13-13.58.59:807][  0]LogRendererCore: FGlobalReadBuffer::InitRHI
[2019.05.13-13.58.59:807][  0]LogRendererCore: FGlobalReadBuffer::InitRHI
[2019.05.13-13.58.59:807][  0]LogRendererCore: FGlobalReadBuffer::InitRHI
[2019.05.13-13.58.59:822][  0]LogD3D11RHI: GPU Timing Frequency: 1000.000000 (Debug: 2 2)
[2019.05.13-13.59.00:212][  0]LogTemp: Display: Module 'AllDesktopTargetPlatform' loaded TargetPlatform 'AllDesktop'
[2019.05.13-13.59.00:227][  0]LogTemp: Display: Module 'MacClientTargetPlatform' loaded TargetPlatform 'MacClient'
[2019.05.13-13.59.00:242][  0]LogTemp: Display: Module 'MacNoEditorTargetPlatform' loaded TargetPlatform 'MacNoEditor'
[2019.05.13-13.59.00:257][  0]LogTemp: Display: Module 'MacServerTargetPlatform' loaded TargetPlatform 'MacServer'
[2019.05.13-13.59.00:273][  0]LogTemp: Display: Module 'MacTargetPlatform' loaded TargetPlatform 'Mac'
[2019.05.13-13.59.00:287][  0]LogTemp: Display: Module 'WindowsClientTargetPlatform' loaded TargetPlatform 'WindowsClient'
[2019.05.13-13.59.00:302][  0]LogTemp: Display: Module 'WindowsNoEditorTargetPlatform' loaded TargetPlatform 'WindowsNoEditor'
[2019.05.13-13.59.00:318][  0]LogTemp: Display: Module 'WindowsServerTargetPlatform' loaded TargetPlatform 'WindowsServer'
[2019.05.13-13.59.00:325][  0]LogTemp: Display: Module 'WindowsTargetPlatform' loaded TargetPlatform 'Windows'
[2019.05.13-13.59.00:424][  0]LogTemp: Display: Module 'AndroidTargetPlatform' loaded TargetPlatform 'Android'
[2019.05.13-13.59.00:424][  0]LogTemp: Display: Module 'AndroidTargetPlatform' loaded TargetPlatform 'Android_ASTC'
[2019.05.13-13.59.00:424][  0]LogTemp: Display: Module 'AndroidTargetPlatform' loaded TargetPlatform 'Android_ATC'
[2019.05.13-13.59.00:424][  0]LogTemp: Display: Module 'AndroidTargetPlatform' loaded TargetPlatform 'Android_DXT'
[2019.05.13-13.59.00:424][  0]LogTemp: Display: Module 'AndroidTargetPlatform' loaded TargetPlatform 'Android_ETC1'
[2019.05.13-13.59.00:424][  0]LogTemp: Display: Module 'AndroidTargetPlatform' loaded TargetPlatform 'Android_ETC1a'
[2019.05.13-13.59.00:424][  0]LogTemp: Display: Module 'AndroidTargetPlatform' loaded TargetPlatform 'Android_ETC2'
[2019.05.13-13.59.00:424][  0]LogTemp: Display: Module 'AndroidTargetPlatform' loaded TargetPlatform 'Android_PVRTC'
[2019.05.13-13.59.00:424][  0]LogTemp: Display: Module 'AndroidTargetPlatform' loaded TargetPlatform 'AndroidClient'
[2019.05.13-13.59.00:424][  0]LogTemp: Display: Module 'AndroidTargetPlatform' loaded TargetPlatform 'Android_ASTCClient'
[2019.05.13-13.59.00:424][  0]LogTemp: Display: Module 'AndroidTargetPlatform' loaded TargetPlatform 'Android_ATCClient'
[2019.05.13-13.59.00:424][  0]LogTemp: Display: Module 'AndroidTargetPlatform' loaded TargetPlatform 'Android_DXTClient'
[2019.05.13-13.59.00:424][  0]LogTemp: Display: Module 'AndroidTargetPlatform' loaded TargetPlatform 'Android_ETC1Client'
[2019.05.13-13.59.00:424][  0]LogTemp: Display: Module 'AndroidTargetPlatform' loaded TargetPlatform 'Android_ETC1aClient'
[2019.05.13-13.59.00:424][  0]LogTemp: Display: Module 'AndroidTargetPlatform' loaded TargetPlatform 'Android_ETC2Client'
[2019.05.13-13.59.00:424][  0]LogTemp: Display: Module 'AndroidTargetPlatform' loaded TargetPlatform 'Android_PVRTCClient'
[2019.05.13-13.59.00:424][  0]LogTemp: Display: Module 'AndroidTargetPlatform' loaded TargetPlatform 'Android_Multi'
[2019.05.13-13.59.00:424][  0]LogTemp: Display: Module 'AndroidTargetPlatform' loaded TargetPlatform 'Android_MultiClient'
[2019.05.13-13.59.00:426][  0]LogTemp: Display: Module 'HTML5TargetPlatform' loaded TargetPlatform 'HTML5'
[2019.05.13-13.59.00:479][  0]LogTemp: Display: Module 'IOSTargetPlatform' loaded TargetPlatform 'IOSClient'
[2019.05.13-13.59.00:479][  0]LogTemp: Display: Module 'IOSTargetPlatform' loaded TargetPlatform 'IOS'
[2019.05.13-13.59.00:506][  0]LogTemp: Display: Module 'TVOSTargetPlatform' loaded TargetPlatform 'TVOSClient'
[2019.05.13-13.59.00:506][  0]LogTemp: Display: Module 'TVOSTargetPlatform' loaded TargetPlatform 'TVOS'
[2019.05.13-13.59.00:520][  0]LogTemp: Display: Module 'LinuxClientTargetPlatform' loaded TargetPlatform 'LinuxClient'
[2019.05.13-13.59.00:535][  0]LogTemp: Display: Module 'LinuxNoEditorTargetPlatform' loaded TargetPlatform 'LinuxNoEditor'
[2019.05.13-13.59.00:549][  0]LogTemp: Display: Module 'LinuxServerTargetPlatform' loaded TargetPlatform 'LinuxServer'
[2019.05.13-13.59.00:564][  0]LogTemp: Display: Module 'LinuxTargetPlatform' loaded TargetPlatform 'Linux'
[2019.05.13-13.59.00:615][  0]LogTemp: Display: Module 'LuminTargetPlatform' loaded TargetPlatform 'Lumin'
[2019.05.13-13.59.00:615][  0]LogTemp: Display: Module 'LuminTargetPlatform' loaded TargetPlatform 'LuminClient'
[2019.05.13-13.59.00:615][  0]LogTargetPlatformManager: Display: Building Assets For Windows
[2019.05.13-13.59.00:624][  0]LogAudioDebug: Display: Lib vorbis DLL was dynamically loaded.
[2019.05.13-13.59.00:674][  0]LogShaderCompilers: Guid format shader working directory is -11 characters bigger than the processId version (C:/Users/Tudor/Documents/Unreal Projects/Beyond-Horizons/Intermediate/Shaders/WorkingDirectory/15860/).
[2019.05.13-13.59.00:674][  0]LogShaderCompilers: Cleaned the shader compiler working directory 'C:/Users/Tudor/AppData/Local/Temp/UnrealShaderWorkingDir/548BBD71447BD8F4DB406898D3D3A978/'.
[2019.05.13-13.59.00:676][  0]LogXGEController: Cannot use XGE Controller as Incredibuild is not installed on this machine.
[2019.05.13-13.59.00:676][  0]LogShaderCompilers: Cannot use XGE Shader Compiler as Incredibuild is not installed on this machine.
[2019.05.13-13.59.00:676][  0]LogShaderCompilers: Display: Using Local Shader Compiler.
[2019.05.13-13.59.01:313][  0]LogDerivedDataCache: Display: Max Cache Size: 512 MB
[2019.05.13-13.59.01:416][  0]LogDerivedDataCache: Loaded boot cache 0.10s 85MB C:/Users/Tudor/AppData/Local/UnrealEngine/4.22/DerivedDataCache/Boot.ddc.
[2019.05.13-13.59.01:416][  0]LogDerivedDataCache: Display: Loaded Boot cache: C:/Users/Tudor/AppData/Local/UnrealEngine/4.22/DerivedDataCache/Boot.ddc
[2019.05.13-13.59.01:416][  0]LogDerivedDataCache: FDerivedDataBackendGraph:  Pak pak cache file C:/Users/Tudor/Documents/Unreal Projects/Beyond-Horizons/DerivedDataCache/DDC.ddp not found, will not use a pak cache.
[2019.05.13-13.59.01:416][  0]LogDerivedDataCache: Unable to find inner node Pak for hierarchical cache Hierarchy.
[2019.05.13-13.59.01:416][  0]LogDerivedDataCache: FDerivedDataBackendGraph:  CompressedPak pak cache file C:/Users/Tudor/Documents/Unreal Projects/Beyond-Horizons/DerivedDataCache/Compressed.ddp not found, will not use a pak cache.
[2019.05.13-13.59.01:416][  0]LogDerivedDataCache: Unable to find inner node CompressedPak for hierarchical cache Hierarchy.
[2019.05.13-13.59.01:431][  0]LogDerivedDataCache: Display: Pak cache opened for reading ../../../Engine/DerivedDataCache/Compressed.ddp.
[2019.05.13-13.59.01:431][  0]LogDerivedDataCache: FDerivedDataBackendGraph:  EnterprisePak pak cache file ../../../Enterprise/DerivedDataCache/Compressed.ddp not found, will not use a pak cache.
[2019.05.13-13.59.01:431][  0]LogDerivedDataCache: Unable to find inner node EnterprisePak for hierarchical cache Hierarchy.
[2019.05.13-13.59.01:444][  0]LogDerivedDataCache: Using Local data cache path C:/Users/Tudor/AppData/Local/UnrealEngine/Common/DerivedDataCache: Writable
[2019.05.13-13.59.01:444][  0]LogDerivedDataCache: Shared data cache path not found in *engine.ini, will not use an Shared cache.
[2019.05.13-13.59.01:444][  0]LogDerivedDataCache: Unable to find inner node Shared for hierarchical cache Hierarchy.
[2019.05.13-13.59.01:469][  0]LogMaterial: Verifying Global Shaders for PCD3D_SM5
[2019.05.13-13.59.01:470][  0]LogSlate: Using FreeType 2.6.0
[2019.05.13-13.59.01:470][  0]LogSlate: SlateFontServices - WITH_FREETYPE: 1, WITH_HARFBUZZ: 1
[2019.05.13-13.59.01:566][  0]LogAssetRegistry: FAssetRegistry took 0.0355 seconds to start up
[2019.05.13-13.59.01:951][  0]LogInit: Selected Device Profile: [Windows]
[2019.05.13-13.59.02:011][  0]LogMeshReduction: Using QuadricMeshReduction for automatic static mesh reduction
[2019.05.13-13.59.02:011][  0]LogMeshReduction: Using SimplygonMeshReduction for automatic skeletal mesh reduction
[2019.05.13-13.59.02:011][  0]LogMeshReduction: Using ProxyLODMeshReduction for automatic mesh merging
[2019.05.13-13.59.02:011][  0]LogMeshReduction: No distributed automatic mesh merging module available
[2019.05.13-13.59.02:011][  0]LogMeshMerging: No distributed automatic mesh merging module available
[2019.05.13-13.59.02:114][  0]LogNetVersion: BeyondHorizons 1.0.0, NetCL: 5660361, EngineNetVer: 10, GameNetVer: 0 (Checksum: 1190785517)
[2019.05.13-13.59.02:603][  0]LogPackageLocalizationCache: Processed 10 localized package path(s) for 1 prioritized culture(s) in 0.060049 seconds
[2019.05.13-13.59.02:610][  0]LogUObjectArray: 42205 objects as part of root set at end of initial load.
[2019.05.13-13.59.02:610][  0]LogUObjectAllocator: 7325032 out of 0 bytes used by permanent object pool.
[2019.05.13-13.59.02:610][  0]LogUObjectArray: CloseDisregardForGC: 0/0 objects in disregard for GC pool
[2019.05.13-13.59.03:521][  0]LogTcpMessaging: Initializing TcpMessaging bridge
[2019.05.13-13.59.03:535][  0]LogUdpMessaging: Initializing bridge on interface 0.0.0.0:0 to multicast group 230.0.0.1:6666.
[2019.05.13-13.59.03:658][  0]SourceControl: Source control is disabled
[2019.05.13-13.59.03:658][  0]SourceControl: Source control is disabled
[2019.05.13-13.59.03:660][  0]SourceControl: Source control is disabled
[2019.05.13-13.59.03:661][  0]SourceControl: Source control is disabled
[2019.05.13-13.59.03:743][  0]LogAndroidPermission: UAndroidPermissionCallbackProxy::GetInstance
[2019.05.13-13.59.03:962][  0]LogOcInput: OculusInput pre-init called
[2019.05.13-13.59.04:754][  0]LogEngine: Initializing Engine...
[2019.05.13-13.59.04:755][  0]LogHMD: Failed to initialize OpenVR with code 110
[2019.05.13-13.59.04:756][  0]LogStats: UGameplayTagsManager::InitializeManager -  0.000 s
[2019.05.13-13.59.05:015][  0]LogInit: Initializing FReadOnlyCVARCache
[2019.05.13-13.59.05:030][  0]LogAIModule: Creating AISystem for world Untitled
[2019.05.13-13.59.05:083][  0]LogInit: XAudio2 using 'Speakers (USB Audio Device)' : 2 channels at 48 kHz using 16 bits per sample (channel mask 0x3)
[2019.05.13-13.59.05:102][  0]LogInit: FAudioDevice initialized.
[2019.05.13-13.59.05:103][  0]LogNetVersion: Set ProjectVersion to 1.0.0.0. Version Checksum will be recalculated on next use.
[2019.05.13-13.59.05:194][  0]LogDerivedDataCache: Saved boot cache 0.09s 71MB C:/Users/Tudor/AppData/Local/UnrealEngine/4.22/DerivedDataCache/Boot.ddc.
[2019.05.13-13.59.05:234][  0]LogInit: Texture streaming: Enabled
[2019.05.13-13.59.05:251][  0]LogEngineSessionManager: EngineSessionManager initialized
[2019.05.13-13.59.05:296][  0]LogInit: Transaction tracking system initialized
[2019.05.13-13.59.05:321][  0]BlueprintLog: New page: Editor Load
[2019.05.13-13.59.05:404][  0]LocalizationService: Localization service is disabled
[2019.05.13-13.59.05:715][  0]LogCook: Display: Max memory allowance for cook 16384mb min free memory 0mb
[2019.05.13-13.59.05:715][  0]LogCook: Display: Mobile HDR setting 1
[2019.05.13-13.59.05:900][  0]LogFileCache: Scanning file cache for directory 'C:/Users/Tudor/Documents/Unreal Projects/Beyond-Horizons/Content/' took 0.05s
[2019.05.13-13.59.05:900][  0]SourceControl: Source control is disabled
[2019.05.13-13.59.05:900][  0]Cmd: MAP LOAD FILE="C:/Users/Tudor/Documents/Unreal Projects/Beyond-Horizons/Content/FirstPersonBP/Maps/FirstPersonExampleMap.umap" TEMPLATE=0 SHOWPROGRESS=1 FEATURELEVEL=3
[2019.05.13-13.59.05:905][  0]LightingResults: New page: Lighting Build
[2019.05.13-13.59.05:908][  0]MapCheck: New page: Map Check
[2019.05.13-13.59.05:908][  0]LightingResults: New page: Lighting Build
[2019.05.13-13.59.05:933][  0]LogUObjectHash: Compacting FUObjectHashTables data took   1.78ms
[2019.05.13-13.59.05:994][  0]LogProperty: Error: UStructProperty::Serialize Loading: Property 'StructProperty /Game/BuildingSystem/Blueprints/Classes/BP_Master_Resource.BP_Master_Resource_C:ResourceData'. Unknown structure.
[2019.05.13-13.59.06:003][  0]LogClass: Warning: Property ResourceData of ResourceData has a struct type mismatch (tag STRUCT_REINST_S_ResourceData_20 != prop FallbackStruct) in package:  C:/Users/Tudor/Documents/Unreal Projects/Beyond-Horizons/Content/BuildingSystem/Blueprints/Classes/BP_Master_Resource.uasset. If that struct got renamed, add an entry to ActiveStructRedirects.
[2019.05.13-13.59.06:006][  0]LogClass: Warning: Property ResourceData of ResourceData has a struct type mismatch (tag FallbackStruct != prop S_ResourceData) in package:  FObjectReader. If that struct got renamed, add an entry to ActiveStructRedirects.
[2019.05.13-13.59.11:224][  0]LogTexture: Display: Building textures: HQ_Lightmap0_2 (AutoDXT, 2048X2048)
[2019.05.13-13.59.11:224][  0]LogTexture: Display: Building textures: HQ_Lightmap0_1 (AutoDXT, 2048X2048)
[2019.05.13-13.59.11:224][  0]LogTexture: Display: Building textures: HQ_Lightmap0_3 (AutoDXT, 2048X2048)
[2019.05.13-13.59.11:224][  0]LogTexture: Display: Building textures: HQ_Lightmap0_4 (AutoDXT, 64X64)
[2019.05.13-13.59.11:224][  0]LogTexture: Display: Building textures: LQ_Lightmap_0_1 (DXT1, 2048X2048)
[2019.05.13-13.59.11:224][  0]LogTexture: Display: Building textures: LQ_Lightmap_0_2 (DXT1, 2048X2048)
[2019.05.13-13.59.11:224][  0]LogTexture: Display: Building textures: LQ_Lightmap_0_3 (DXT1, 2048X2048)
[2019.05.13-13.59.11:224][  0]LogTexture: Display: Building textures: LQ_Lightmap_0_4 (DXT1, 64X64)
[2019.05.13-13.59.11:224][  0]LogTexture: Display: Building textures: SkyOcclusion0_1 (AutoDXT, 2048X1024)
[2019.05.13-13.59.11:224][  0]LogTexture: Display: Building textures: SkyOcclusion0_2 (AutoDXT, 2048X1024)
[2019.05.13-13.59.11:224][  0]LogTexture: Display: Building textures: SkyOcclusion0_4 (AutoDXT, 64X32)
[2019.05.13-13.59.11:224][  0]LogTexture: Display: Building textures: SkyOcclusion0_3 (AutoDXT, 2048X1024)
[2019.05.13-13.59.11:226][  0]LogAIModule: Creating AISystem for world FirstPersonExampleMap
[2019.05.13-13.59.11:252][  0]LogEditorServer: Finished looking for orphan Actors (0.000 secs)
[2019.05.13-13.59.11:285][  0]LogUObjectHash: Compacting FUObjectHashTables data took   3.22ms
[2019.05.13-13.59.11:285][  0]Cmd: MAP CHECKDEP NOCLEARLOG
[2019.05.13-13.59.11:285][  0]MapCheck: Map check complete: 0 Error(s), 0 Warning(s), took 0.185ms to complete.
[2019.05.13-13.59.11:285][  0]LogFileHelpers: Loading map 'FirstPersonExampleMap' took 5.385
[2019.05.13-13.59.11:767][  0]LogSlate: Updating window title bar state: overlay mode, drag disabled, window buttons hidden, title bar hidden
[2019.05.13-13.59.11:780][  0]LogSlate: Updating window title bar state: overlay mode, drag disabled, window buttons hidden, title bar hidden
[2019.05.13-13.59.11:790][  0]LogSlate: Updating window title bar state: overlay mode, drag disabled, window buttons hidden, title bar hidden
[2019.05.13-13.59.11:798][  0]LogSlate: Updating window title bar state: overlay mode, drag disabled, window buttons hidden, title bar hidden
[2019.05.13-13.59.11:809][  0]LogCollectionManager: Loaded 0 collections in 0.001514 seconds
[2019.05.13-13.59.11:900][  0]LogFileCache: Scanning file cache for directory 'C:/Users/Tudor/Documents/Unreal Projects/Beyond-Horizons/Saved/Collections/' took 0.01s
[2019.05.13-13.59.11:900][  0]LogFileCache: Scanning file cache for directory 'C:/Users/Tudor/Documents/Unreal Projects/Beyond-Horizons/Content/Developers/Tudor/Collections/' took 0.00s
[2019.05.13-13.59.11:900][  0]LogFileCache: Scanning file cache for directory 'C:/Users/Tudor/Documents/Unreal Projects/Beyond-Horizons/Content/Collections/' took 0.00s
[2019.05.13-13.59.11:900][  0]LogCollectionManager: Rebuilt the GUID cache for 0 collections in 0.000001 seconds
[2019.05.13-13.59.11:924][  0]LogContentBrowser: Native class hierarchy populated in 0.0232 seconds. Added 2732 classes and 659 folders.
[2019.05.13-13.59.11:954][  0]LogContentBrowser: Native class hierarchy updated for 'WidgetCarousel' in 0.0004 seconds. Added 0 classes and 0 folders.
[2019.05.13-13.59.12:008][  0]LogPakFile: Registered encryption key '00000000000000000000000000000000': 0 pak files mounted, 0 remain pending
[2019.05.13-13.59.12:037][  0]LogPakFile: Registered encryption key '00000000000000000000000000000000': 0 pak files mounted, 0 remain pending
[2019.05.13-13.59.12:069][  0]LogPakFile: Registered encryption key '00000000000000000000000000000000': 0 pak files mounted, 0 remain pending
[2019.05.13-13.59.12:093][  0]LogPakFile: Registered encryption key '00000000000000000000000000000000': 0 pak files mounted, 0 remain pending
[2019.05.13-13.59.12:111][  0]LogPakFile: Registered encryption key '00000000000000000000000000000000': 0 pak files mounted, 0 remain pending
[2019.05.13-13.59.12:132][  0]LogPakFile: Registered encryption key '00000000000000000000000000000000': 0 pak files mounted, 0 remain pending
[2019.05.13-13.59.12:147][  0]LogPakFile: Registered encryption key '00000000000000000000000000000000': 0 pak files mounted, 0 remain pending
[2019.05.13-13.59.12:172][  0]LogPakFile: Registered encryption key '00000000000000000000000000000000': 0 pak files mounted, 0 remain pending
[2019.05.13-13.59.12:189][  0]LogPakFile: Registered encryption key '00000000000000000000000000000000': 0 pak files mounted, 0 remain pending
[2019.05.13-13.59.12:211][  0]LogPakFile: Registered encryption key '00000000000000000000000000000000': 0 pak files mounted, 0 remain pending
[2019.05.13-13.59.12:236][  0]LogPakFile: Registered encryption key '00000000000000000000000000000000': 0 pak files mounted, 0 remain pending
[2019.05.13-13.59.12:250][  0]LogPakFile: Registered encryption key '00000000000000000000000000000000': 0 pak files mounted, 0 remain pending
[2019.05.13-13.59.12:272][  0]LogPakFile: Registered encryption key '00000000000000000000000000000000': 0 pak files mounted, 0 remain pending
[2019.05.13-13.59.12:286][  0]LogPakFile: Registered encryption key '00000000000000000000000000000000': 0 pak files mounted, 0 remain pending
[2019.05.13-13.59.12:311][  0]LogPakFile: Registered encryption key '00000000000000000000000000000000': 0 pak files mounted, 0 remain pending
[2019.05.13-13.59.12:328][  0]LogPakFile: Registered encryption key '00000000000000000000000000000000': 0 pak files mounted, 0 remain pending
[2019.05.13-13.59.12:389][  0]LogPakFile: Registered encryption key '00000000000000000000000000000000': 0 pak files mounted, 0 remain pending
[2019.05.13-13.59.12:405][  0]LogPakFile: Registered encryption key '00000000000000000000000000000000': 0 pak files mounted, 0 remain pending
[2019.05.13-13.59.12:430][  0]LogPakFile: Registered encryption key '00000000000000000000000000000000': 0 pak files mounted, 0 remain pending
[2019.05.13-13.59.12:447][  0]LogPakFile: Registered encryption key '00000000000000000000000000000000': 0 pak files mounted, 0 remain pending
[2019.05.13-13.59.12:473][  0]LogPakFile: Registered encryption key '00000000000000000000000000000000': 0 pak files mounted, 0 remain pending
[2019.05.13-13.59.12:492][  0]LogPakFile: Registered encryption key '00000000000000000000000000000000': 0 pak files mounted, 0 remain pending
[2019.05.13-13.59.12:504][  0]LogPakFile: Registered encryption key '00000000000000000000000000000000': 0 pak files mounted, 0 remain pending
[2019.05.13-13.59.12:525][  0]LogPakFile: Registered encryption key '00000000000000000000000000000000': 0 pak files mounted, 0 remain pending
[2019.05.13-13.59.12:545][  0]LogPakFile: Registered encryption key '00000000000000000000000000000000': 0 pak files mounted, 0 remain pending
[2019.05.13-13.59.12:575][  0]LogPakFile: Registered encryption key '00000000000000000000000000000000': 0 pak files mounted, 0 remain pending
[2019.05.13-13.59.13:465][  0]LogContentBrowser: Native class hierarchy updated for 'AddContentDialog' in 0.0003 seconds. Added 0 classes and 0 folders.
[2019.05.13-13.59.13:526][  0]LogContentBrowser: Native class hierarchy updated for 'SceneOutliner' in 0.0003 seconds. Added 1 classes and 2 folders.
[2019.05.13-13.59.14:175][  0]LogSlate: Took 0.000398 seconds to synchronously load lazily loaded font '../../../Engine/Content/Slate/Fonts/Roboto-Regular.ttf' (155K)
[2019.05.13-13.59.14:180][  0]LogSlate: Took 0.000396 seconds to synchronously load lazily loaded font '../../../Engine/Content/Slate/Fonts/Roboto-Bold.ttf' (160K)
[2019.05.13-13.59.14:203][  0]LogSlate: Took 0.013758 seconds to synchronously load lazily loaded font '../../../Engine/Content/Editor/Slate/Fonts/FontAwesome.ttf' (139K)
[2019.05.13-13.59.14:415][  0]LogRenderer: Reallocating scene render targets to support 1208x572 Format 10 NumSamples 1 (Frame:1).
[2019.05.13-13.59.14:653][  0]LogContentBrowser: Native class hierarchy updated for 'HierarchicalLODOutliner' in 0.0003 seconds. Added 0 classes and 0 folders.
[2019.05.13-13.59.14:653][  0]LogLoad: (Engine Initialization) Total time: 17.47 seconds
[2019.05.13-13.59.14:653][  0]LogLoad: (Engine Initialization) Total Blueprint compile time: 0.00 seconds
[2019.05.13-13.59.14:664][  0]LogWindowsTextInputMethodSystem: Display: IME system now deactivated.
[2019.05.13-13.59.14:717][  0]LogAssetRegistry: Asset discovery search completed in 13.1724 seconds
[2019.05.13-13.59.14:719][  0]LogCollectionManager: Rebuilt the object cache for 0 collections in 0.000000 seconds (found 0 objects)
[2019.05.13-13.59.14:719][  0]LogCollectionManager: Fixed up redirectors for 0 collections in 0.000054 seconds (updated 0 objects)
[2019.05.13-13.59.14:734][  0]LogContentStreaming: Texture pool size now 1000 MB
[2019.05.13-13.59.14:798][  0]LogSlate: Took 0.013387 seconds to synchronously load lazily loaded font '../../../Engine/Content/Slate/Fonts/Roboto-Light.ttf' (167K)
[2019.05.13-14.00.27:141][358]LogSlate: FSceneViewport::OnFocusLost() reason 0
[2019.05.13-14.00.27:284][375]LogSlate: Took 0.000203 seconds to synchronously load lazily loaded font '../../../Engine/Content/Slate/Fonts/Roboto-Light.ttf' (167K)
[2019.05.13-14.00.27:291][375]LogAssetEditorManager: Opening Asset editor for Blueprint /Game/BuildingSystem/Blueprints/Classes/BP_Master_Building.BP_Master_Building
[2019.05.13-14.00.28:345][375]LogContentBrowser: Native class hierarchy updated for 'BlueprintGraph' in 0.0024 seconds. Added 121 classes and 0 folders.
[2019.05.13-14.00.29:955][375]LogSlate: Took 0.015656 seconds to synchronously load lazily loaded font '../../../Engine/Content/Slate/Fonts/Roboto-BoldCondensed.ttf' (158K)
[2019.05.13-14.00.30:626][376]LogSlate: Took 0.026450 seconds to synchronously load lazily loaded font '../../../Engine/Content/Slate/Fonts/Roboto-Italic.ttf' (157K)
[2019.05.13-14.00.42:245][194]LogTemp: Repeating last play command: Selected Viewport
[2019.05.13-14.00.42:283][194]LogBlueprintUserMessages: Early PlayInEditor Detection: Level '/Game/FirstPersonBP/Maps/FirstPersonExampleMap.FirstPersonExampleMap:PersistentLevel' has LevelScriptBlueprint '/Game/FirstPersonBP/Maps/FirstPersonExampleMap.FirstPersonExampleMap:PersistentLevel.FirstPersonExampleMap' with GeneratedClass '/Game/FirstPersonBP/Maps/FirstPersonExampleMap.FirstPersonExampleMap_C' with ClassGeneratedBy '/Game/FirstPersonBP/Maps/FirstPersonExampleMap.FirstPersonExampleMap:PersistentLevel.FirstPersonExampleMap'
[2019.05.13-14.00.42:283][194]BlueprintLog: New page: Pre-Play auto-recompile
[2019.05.13-14.00.42:328][194]LogPlayLevel: [PlayLevel] Compiling BP_Master_Building before play...
[2019.05.13-14.00.42:328][194]LogPlayLevel: [PlayLevel]   Compiling Building_Floor as a dependent...
[2019.05.13-14.00.42:329][194]LogPlayLevel: [PlayLevel]   Compiling Building_Stairs as a dependent...
[2019.05.13-14.00.42:329][194]LogPlayLevel: [PlayLevel]   Compiling Building_Wall as a dependent...
[2019.05.13-14.00.42:340][194]LogBlueprint: Error: [Compiler BP_Master_Building] This blueprint (self) is not a WidgetComponent, therefore ' Target ' must have a connection.
[2019.05.13-14.00.42:340][194]LogBlueprint: Error: [Compiler BP_Master_Building] This blueprint (self) is not a SceneComponent, therefore ' Target ' must have a connection.
[2019.05.13-14.00.42:340][194]LogBlueprint: Error: [Compiler BP_Master_Building] This blueprint (self) is not a SceneComponent, therefore ' Target ' must have a connection.
[2019.05.13-14.00.42:340][194]LogBlueprint: Error: [Compiler BP_Master_Building] This blueprint (self) is not a SceneComponent, therefore ' Target ' must have a connection.
[2019.05.13-14.00.42:351][194]LogBlueprint: Warning: [Compiler BP_Master_Building] [0105.17] Compile of BP_Master_Building failed. 4 Fatal Issue(s) 0 Warning(s) [in 63 ms] (/Game/BuildingSystem/Blueprints/Classes/BP_Master_Building.BP_Master_Building)
[2019.05.13-14.00.42:799][194]LogUObjectHash: Compacting FUObjectHashTables data took   4.44ms
[2019.05.13-14.00.42:799][194]LogPlayLevel: PlayLevel: Blueprint regeneration took 516 ms (4 blueprints)
[2019.05.13-14.00.42:799][194]BlueprintLog: Blueprint BP_Master_Building failed to compile
[2019.05.13-14.00.46:813][194]LogSlate: Window 'Message' being destroyed
[2019.05.13-14.01.04:301][703]BlueprintLog: New page: Compile BP_Master_Building
[2019.05.13-14.01.04:336][703]LogBlueprint: Error: [Compiler BP_Master_Building] This blueprint (self) is not a SceneComponent, therefore ' Target ' must have a connection.
[2019.05.13-14.01.04:336][703]LogBlueprint: Error: [Compiler BP_Master_Building] This blueprint (self) is not a SceneComponent, therefore ' Target ' must have a connection.
[2019.05.13-14.01.04:336][703]LogBlueprint: Error: [Compiler BP_Master_Building] This blueprint (self) is not a SceneComponent, therefore ' Target ' must have a connection.
[2019.05.13-14.01.04:522][703]LogUObjectHash: Compacting FUObjectHashTables data took   3.65ms
[2019.05.13-14.01.04:554][703]LogBlueprint: Warning: [Compiler BP_Master_Building] [0127.37] Compile of BP_Master_Building failed. 3 Fatal Issue(s) 0 Warning(s) [in 252 ms] (/Game/BuildingSystem/Blueprints/Classes/BP_Master_Building.BP_Master_Building)
[2019.05.13-14.01.12:245][291]LogAssetEditorManager: Opening Asset editor for WidgetBlueprint /Game/BuildingSystem/Widgets/W_BuildingHealthBar.W_BuildingHealthBar
[2019.05.13-14.01.12:765][291]LogBlueprintActionDatabase: Requesting refresh due to module change: SequencerWidgets (loaded)
[2019.05.13-14.01.24:258][272]BlueprintLog: New page: Compile W_BuildingHealthBar
[2019.05.13-14.01.24:356][272]LogUObjectHash: Compacting FUObjectHashTables data took   7.11ms
[2019.05.13-14.02.02:615][154]LogUObjectHash: Compacting FUObjectHashTables data took   5.20ms
[2019.05.13-14.02.05:784][154]LogSlate: Window 'Delete Assets' being destroyed
[2019.05.13-14.02.05:811][154]LogAssetEditorManager: Opening Asset editor for Blueprint /Game/BuildingSystem/Blueprints/Classes/BPC_BuildingsStats.BPC_BuildingsStats
[2019.05.13-14.02.33:031][925]LogSlate: Window 'BPC_BuildingsStats' being destroyed
[2019.05.13-14.02.33:034][925]LogSlate: Window 'BPC_BuildingsStats' being destroyed
[2019.05.13-14.02.34:571][ 77]LogUObjectHash: Compacting FUObjectHashTables data took   5.55ms
[2019.05.13-14.02.35:874][ 77]LogSlate: Window 'Delete Assets' being destroyed
[2019.05.13-14.02.35:890][ 77]LogAssetEditorManager: Opening Asset editor for Blueprint /Game/BuildingSystem/Blueprints/Classes/BPC_BuildingsStats.BPC_BuildingsStats
[2019.05.13-14.03.15:511][461]LogSlate: Window 'BPC_BuildingsStats' being destroyed
[2019.05.13-14.03.15:514][461]LogSlate: Window 'BPC_BuildingsStats' being destroyed
[2019.05.13-14.03.19:757][951]LogUObjectHash: Compacting FUObjectHashTables data took   3.76ms
[2019.05.13-14.03.21:745][951]LogSlate: Window 'Delete Assets' being destroyed
[2019.05.13-14.03.21:748][951]LogUObjectGlobals: Force Deleting 1 Package(s):
	Asset Name: /Game/BuildingSystem/Widgets/W_BuildingHealthBar.W_BuildingHealthBar
[2019.05.13-14.03.23:583][951]LogUObjectHash: Compacting FUObjectHashTables data took   3.30ms
[2019.05.13-14.03.23:616][951]LogUObjectHash: Compacting FUObjectHashTables data took   2.30ms
[2019.05.13-14.03.23:645][951]LogUObjectHash: Compacting FUObjectHashTables data took   0.88ms
[2019.05.13-14.03.26:758][317]LogTemp: Repeating last play command: Selected Viewport
[2019.05.13-14.03.26:780][317]LogBlueprintUserMessages: Early PlayInEditor Detection: Level '/Game/FirstPersonBP/Maps/FirstPersonExampleMap.FirstPersonExampleMap:PersistentLevel' has LevelScriptBlueprint '/Game/FirstPersonBP/Maps/FirstPersonExampleMap.FirstPersonExampleMap:PersistentLevel.FirstPersonExampleMap' with GeneratedClass '/Game/FirstPersonBP/Maps/FirstPersonExampleMap.FirstPersonExampleMap_C' with ClassGeneratedBy '/Game/FirstPersonBP/Maps/FirstPersonExampleMap.FirstPersonExampleMap:PersistentLevel.FirstPersonExampleMap'
[2019.05.13-14.03.26:780][317]BlueprintLog: New page: Pre-Play auto-recompile
[2019.05.13-14.03.26:799][317]LogPlayLevel: [PlayLevel] Compiling BP_Master_Building before play...
[2019.05.13-14.03.26:799][317]LogPlayLevel: [PlayLevel]   Compiling Building_Floor as a dependent...
[2019.05.13-14.03.26:799][317]LogPlayLevel: [PlayLevel]   Compiling Building_Stairs as a dependent...
[2019.05.13-14.03.26:799][317]LogPlayLevel: [PlayLevel]   Compiling Building_Wall as a dependent...
[2019.05.13-14.03.26:807][317]LogBlueprint: Error: [Compiler BP_Master_Building] Could not find a function named "UpdateHealth" in 'BP_Master_Building'.
Make sure 'BP_Master_Building' has been compiled for  Update Health
[2019.05.13-14.03.26:808][317]LogBlueprint: Error: [Compiler BP_Master_Building] Could not find a function named "SetState" in 'BP_Master_Building'.
Make sure 'BP_Master_Building' has been compiled for  Set State
[2019.05.13-14.03.26:808][317]LogBlueprint: Error: [Compiler BP_Master_Building] Could not find a function named "InitializeBar" in 'BP_Master_Building'.
Make sure 'BP_Master_Building' has been compiled for  Initialize Bar
[2019.05.13-14.03.26:810][317]LogBlueprint: Error: [Compiler BP_Master_Building] This blueprint (self) is not a SceneComponent, therefore ' Target ' must have a connection.
[2019.05.13-14.03.26:810][317]LogBlueprint: Error: [Compiler BP_Master_Building] This blueprint (self) is not compatible with ' Target ', therefore that pin must have a connection.
[2019.05.13-14.03.26:810][317]LogBlueprint: Error: [Compiler BP_Master_Building] This blueprint (self) is not a SceneComponent, therefore ' Target ' must have a connection.
[2019.05.13-14.03.26:812][317]LogBlueprint: Error: [Compiler BP_Master_Building] Failed to find class for pin  Health Bar Ref
[2019.05.13-14.03.26:812][317]LogBlueprint: Error: [Compiler BP_Master_Building] Failed to find class for pin  Health Bar Ref
[2019.05.13-14.03.26:820][317]LogBlueprint: Warning: [Compiler BP_Master_Building] [0269.64] Compile of BP_Master_Building failed. 8 Fatal Issue(s) 0 Warning(s) [in 40 ms] (/Game/BuildingSystem/Blueprints/Classes/BP_Master_Building.BP_Master_Building)
[2019.05.13-14.03.26:967][317]LogPlayLevel: [PlayLevel] Compiling BPC_BuildingsStats before play...
[2019.05.13-14.03.27:021][317]LogUObjectHash: Compacting FUObjectHashTables data took   4.40ms
[2019.05.13-14.03.27:021][317]LogPlayLevel: PlayLevel: Blueprint regeneration took 241 ms (5 blueprints)
[2019.05.13-14.03.27:021][317]BlueprintLog: Blueprint BP_Master_Building failed to compile
[2019.05.13-14.03.28:303][317]LogSlate: Window 'Message' being destroyed
[2019.05.13-14.03.33:953][970]LogAssetEditorManager: Opening Asset editor for Blueprint /Game/BuildingSystem/Blueprints/Classes/BP_Master_Building.BP_Master_Building
[2019.05.13-14.03.44:484][731]BlueprintLog: New page: Compile BP_Master_Building
[2019.05.13-14.03.44:514][731]LogBlueprint: Error: [Compiler BP_Master_Building] Could not find a function named "SetState" in 'BP_Master_Building'.
Make sure 'BP_Master_Building' has been compiled for  Set State
[2019.05.13-14.03.44:514][731]LogBlueprint: Error: [Compiler BP_Master_Building] Could not find a function named "InitializeBar" in 'BP_Master_Building'.
Make sure 'BP_Master_Building' has been compiled for  Initialize Bar
[2019.05.13-14.03.44:517][731]LogBlueprint: Error: [Compiler BP_Master_Building] This blueprint (self) is not a SceneComponent, therefore ' Target ' must have a connection.
[2019.05.13-14.03.44:518][731]LogBlueprint: Error: [Compiler BP_Master_Building] Failed to find class for pin  Health Bar Ref
[2019.05.13-14.03.44:518][731]LogBlueprint: Error: [Compiler BP_Master_Building] Failed to find class for pin  Health Bar Ref
[2019.05.13-14.03.44:695][731]LogUObjectHash: Compacting FUObjectHashTables data took   3.78ms
[2019.05.13-14.03.44:726][731]LogBlueprint: Warning: [Compiler BP_Master_Building] [0287.55] Compile of BP_Master_Building failed. 5 Fatal Issue(s) 0 Warning(s) [in 241 ms] (/Game/BuildingSystem/Blueprints/Classes/BP_Master_Building.BP_Master_Building)
[2019.05.13-14.03.59:742][  1]BlueprintLog: New page: Compile BP_Master_Building
[2019.05.13-14.03.59:772][  1]LogBlueprint: Error: [Compiler BP_Master_Building] Could not find a function named "InitializeBar" in 'BP_Master_Building'.
Make sure 'BP_Master_Building' has been compiled for  Initialize Bar
[2019.05.13-14.03.59:774][  1]LogBlueprint: Error: [Compiler BP_Master_Building] This blueprint (self) is not a SceneComponent, therefore ' Target ' must have a connection.
[2019.05.13-14.03.59:775][  1]LogBlueprint: Error: [Compiler BP_Master_Building] Failed to find class for pin  Health Bar Ref
[2019.05.13-14.03.59:957][  1]LogUObjectHash: Compacting FUObjectHashTables data took   4.53ms
[2019.05.13-14.03.59:989][  1]LogBlueprint: Warning: [Compiler BP_Master_Building] [0302.81] Compile of BP_Master_Building failed. 3 Fatal Issue(s) 0 Warning(s) [in 246 ms] (/Game/BuildingSystem/Blueprints/Classes/BP_Master_Building.BP_Master_Building)
[2019.05.13-14.04.05:637][452]LogEditorTransaction: Undo Delete current selection
[2019.05.13-14.04.13:739][ 87]BlueprintLog: New page: Compile BP_Master_Building
[2019.05.13-14.04.13:964][ 87]LogUObjectHash: Compacting FUObjectHashTables data took   4.53ms
[2019.05.13-14.04.17:944][437]LogTemp: Repeating last play command: Selected Viewport
[2019.05.13-14.04.17:962][437]LogBlueprintUserMessages: Early PlayInEditor Detection: Level '/Game/FirstPersonBP/Maps/FirstPersonExampleMap.FirstPersonExampleMap:PersistentLevel' has LevelScriptBlueprint '/Game/FirstPersonBP/Maps/FirstPersonExampleMap.FirstPersonExampleMap:PersistentLevel.FirstPersonExampleMap' with GeneratedClass '/Game/FirstPersonBP/Maps/FirstPersonExampleMap.FirstPersonExampleMap_C' with ClassGeneratedBy '/Game/FirstPersonBP/Maps/FirstPersonExampleMap.FirstPersonExampleMap:PersistentLevel.FirstPersonExampleMap'
[2019.05.13-14.04.17:962][437]LogPlayLevel: PlayLevel: No blueprints needed recompiling
[2019.05.13-14.04.17:989][437]PIE: New page: PIE session: FirstPersonExampleMap (May 13, 2019, 8:04:17 PM)
[2019.05.13-14.04.18:019][437]LogPlayLevel: Creating play world package: /Game/FirstPersonBP/Maps/UEDPIE_0_FirstPersonExampleMap
[2019.05.13-14.04.18:064][437]LogPlayLevel: PIE: StaticDuplicateObject took: (0.044429s)
[2019.05.13-14.04.18:065][437]LogAIModule: Creating AISystem for world FirstPersonExampleMap
[2019.05.13-14.04.18:065][437]LogPlayLevel: PIE: World Init took: (0.001019s)
[2019.05.13-14.04.18:065][437]LogPlayLevel: PIE: Created PIE world by copying editor world from /Game/FirstPersonBP/Maps/FirstPersonExampleMap.FirstPersonExampleMap to /Game/FirstPersonBP/Maps/UEDPIE_0_FirstPersonExampleMap.FirstPersonExampleMap (0.046470s)
[2019.05.13-14.04.18:114][437]LogUObjectHash: Compacting FUObjectHashTables data took   3.86ms
[2019.05.13-14.04.18:160][437]LogInit: XAudio2 using 'Speakers (USB Audio Device)' : 2 channels at 48 kHz using 16 bits per sample (channel mask 0x3)
[2019.05.13-14.04.18:173][437]LogInit: FAudioDevice initialized.
[2019.05.13-14.04.18:217][437]LogLoad: Game class is 'FirstPersonGameMode_C'
[2019.05.13-14.04.18:221][437]LogWorld: Bringing World /Game/FirstPersonBP/Maps/UEDPIE_0_FirstPersonExampleMap.FirstPersonExampleMap up for play (max tick rate 0) at 2019.05.13-17.04.18
[2019.05.13-14.04.18:221][437]LogWorld: Bringing up level for play took: 0.003044
[2019.05.13-14.04.18:252][437]LogSpawn: Warning: SpawnActor failed because no class was specified
[2019.05.13-14.04.18:280][437]LogBlueprintActionDatabase: Requesting refresh due to module change: Voice (loaded)
[2019.05.13-14.04.18:291][437]LogBlueprintActionDatabase: Requesting refresh due to module change: MovieSceneCapture (loaded)
[2019.05.13-14.04.18:292][437]LogContentBrowser: Native class hierarchy updated for 'MovieSceneCapture' in 0.0007 seconds. Added 20 classes and 0 folders.
[2019.05.13-14.04.18:339][437]PIE: Play in editor start time for /Game/FirstPersonBP/Maps/UEDPIE_0_FirstPersonExampleMap 0.883
[2019.05.13-14.04.18:339][437]LogBlueprintUserMessages: Late PlayInEditor Detection: Level '/Game/FirstPersonBP/Maps/FirstPersonExampleMap.FirstPersonExampleMap:PersistentLevel' has LevelScriptBlueprint '/Game/FirstPersonBP/Maps/FirstPersonExampleMap.FirstPersonExampleMap:PersistentLevel.FirstPersonExampleMap' with GeneratedClass '/Game/FirstPersonBP/Maps/FirstPersonExampleMap.FirstPersonExampleMap_C' with ClassGeneratedBy '/Game/FirstPersonBP/Maps/FirstPersonExampleMap.FirstPersonExampleMap:PersistentLevel.FirstPersonExampleMap'
[2019.05.13-14.04.35:826][451]LogBlueprintUserMessages: Early EndPlayMap Detection: Level '/Game/FirstPersonBP/Maps/FirstPersonExampleMap.FirstPersonExampleMap:PersistentLevel' has LevelScriptBlueprint '/Game/FirstPersonBP/Maps/FirstPersonExampleMap.FirstPersonExampleMap:PersistentLevel.FirstPersonExampleMap' with GeneratedClass '/Game/FirstPersonBP/Maps/FirstPersonExampleMap.FirstPersonExampleMap_C' with ClassGeneratedBy '/Game/FirstPersonBP/Maps/FirstPersonExampleMap.FirstPersonExampleMap:PersistentLevel.FirstPersonExampleMap'
[2019.05.13-14.04.35:826][451]LogSlate: Updating window title bar state: overlay mode, drag disabled, window buttons hidden, title bar hidden
[2019.05.13-14.04.35:854][451]LogPlayLevel: Display: Shutting down PIE online subsystems
[2019.05.13-14.04.35:855][451]LogBlueprintUserMessages: Late EndPlayMap Detection: Level '/Game/FirstPersonBP/Maps/FirstPersonExampleMap.FirstPersonExampleMap:PersistentLevel' has LevelScriptBlueprint '/Game/FirstPersonBP/Maps/FirstPersonExampleMap.FirstPersonExampleMap:PersistentLevel.FirstPersonExampleMap' with GeneratedClass '/Game/FirstPersonBP/Maps/FirstPersonExampleMap.FirstPersonExampleMap_C' with ClassGeneratedBy '/Game/FirstPersonBP/Maps/FirstPersonExampleMap.FirstPersonExampleMap:PersistentLevel.FirstPersonExampleMap'
[2019.05.13-14.04.35:904][451]LogSlate: Updating window title bar state: overlay mode, drag disabled, window buttons hidden, title bar hidden
[2019.05.13-14.04.35:932][451]LogUObjectHash: Compacting FUObjectHashTables data took   6.02ms
[2019.05.13-14.04.35:957][452]LogPlayLevel: Display: Destroying online subsystem :Context_12
[2019.05.13-14.09.32:982][117]LogUObjectHash: Compacting FUObjectHashTables data took   3.82ms
[2019.05.13-14.09.32:982][117]LogFileHelpers: Editor autosave (incl. sublevels) for '/Game/FirstPersonBP/Maps/FirstPersonExampleMap' took 0.073
[2019.05.13-14.09.32:984][117]OBJ SavePackage: Generating thumbnails for [1] asset(s) in package [/Game/BuildingSystem/Blueprints/Classes/BP_Master_Building] ([1] browsable assets)...
[2019.05.13-14.09.33:032][117]OBJ SavePackage:     Rendered thumbnail for [Blueprint /Game/BuildingSystem/Blueprints/Classes/BP_Master_Building.BP_Master_Building]
[2019.05.13-14.09.33:032][117]OBJ SavePackage: Finished generating thumbnails for package [/Game/BuildingSystem/Blueprints/Classes/BP_Master_Building]
[2019.05.13-14.09.33:235][117]LogSavePackage: Moving 'C:/Users/Tudor/Documents/Unreal Projects/Beyond-Horizons/Saved/BP_Master_Building_Auto155B29C3D41244842FE15F690FF1A85A0.tmp' to 'C:/Users/Tudor/Documents/Unreal Projects/Beyond-Horizons/Saved/Autosaves/Game/BuildingSystem/Blueprints/Classes/BP_Master_Building_Auto1.uasset'
[2019.05.13-14.09.33:246][117]OBJ SavePackage: Generating thumbnails for [0] asset(s) in package [/Game/BuildingSystem/Blueprints/Classes/BPC_BuildingsStats] ([1] browsable assets)...
[2019.05.13-14.09.33:246][117]OBJ SavePackage: Finished generating thumbnails for package [/Game/BuildingSystem/Blueprints/Classes/BPC_BuildingsStats]
[2019.05.13-14.09.33:303][117]LogSavePackage: Moving 'C:/Users/Tudor/Documents/Unreal Projects/Beyond-Horizons/Saved/BPC_BuildingsStats_Auto17049CA8A4A3C9DFCAFE423B8D2ABE179.tmp' to 'C:/Users/Tudor/Documents/Unreal Projects/Beyond-Horizons/Saved/Autosaves/Game/BuildingSystem/Blueprints/Classes/BPC_BuildingsStats_Auto1.uasset'
[2019.05.13-14.09.33:305][117]LogFileHelpers: Auto-saving content packages took 0.321
[2019.05.13-14.15.33:366][192]LogSlate: FSceneViewport::OnFocusLost() reason 2
[2019.05.13-14.16.10:075][691]LogAssetEditorManager: Opening Asset editor for WidgetBlueprint /Game/BuildingSystem/Widgets/W_BuildWidget.W_BuildWidget
[2019.05.13-14.16.35:673][ 45]BlueprintLog: New page: Compile W_BuildWidget
[2019.05.13-14.16.35:692][ 45]LogBlueprint: Warning: [Compiler W_BuildWidget] Could not find a variable named "HealthText" in 'W_BuildWidget_C'.
Make sure 'W_BuildWidget_C' has been compiled for  Get HealthText
[2019.05.13-14.16.35:693][ 45]LogBlueprint: Error: [Compiler W_BuildWidget] The property associated with  Health Text  could not be found in '/Game/BuildingSystem/Widgets/W_BuildWidget.W_BuildWidget_C'
[2019.05.13-14.16.35:926][ 45]LogUObjectHash: Compacting FUObjectHashTables data took   5.33ms
[2019.05.13-14.16.35:953][ 45]LogBlueprint: Warning: [Compiler W_BuildWidget] [1058.77] Compile of W_BuildWidget failed. 1 Fatal Issue(s) 1 Warning(s) [in 279 ms] (/Game/BuildingSystem/Widgets/W_BuildWidget.W_BuildWidget)
[2019.05.13-14.16.47:912][197]BlueprintLog: New page: Compile W_BuildWidget
[2019.05.13-14.16.48:154][197]LogUObjectHash: Compacting FUObjectHashTables data took   6.22ms
[2019.05.13-14.16.57:824][184]LogTemp: Repeating last play command: Selected Viewport
[2019.05.13-14.16.57:847][184]LogBlueprintUserMessages: Early PlayInEditor Detection: Level '/Game/FirstPersonBP/Maps/FirstPersonExampleMap.FirstPersonExampleMap:PersistentLevel' has LevelScriptBlueprint '/Game/FirstPersonBP/Maps/FirstPersonExampleMap.FirstPersonExampleMap:PersistentLevel.FirstPersonExampleMap' with GeneratedClass '/Game/FirstPersonBP/Maps/FirstPersonExampleMap.FirstPersonExampleMap_C' with ClassGeneratedBy '/Game/FirstPersonBP/Maps/FirstPersonExampleMap.FirstPersonExampleMap:PersistentLevel.FirstPersonExampleMap'
[2019.05.13-14.16.57:847][184]LogPlayLevel: PlayLevel: No blueprints needed recompiling
[2019.05.13-14.16.57:847][184]PIE: New page: PIE session: FirstPersonExampleMap (May 13, 2019, 8:16:57 PM)
[2019.05.13-14.16.57:848][184]LogPlayLevel: Creating play world package: /Game/FirstPersonBP/Maps/UEDPIE_0_FirstPersonExampleMap
[2019.05.13-14.16.57:865][184]LogPlayLevel: PIE: StaticDuplicateObject took: (0.017686s)
[2019.05.13-14.16.57:866][184]LogAIModule: Creating AISystem for world FirstPersonExampleMap
[2019.05.13-14.16.57:866][184]LogPlayLevel: PIE: World Init took: (0.000754s)
[2019.05.13-14.16.57:866][184]LogPlayLevel: PIE: Created PIE world by copying editor world from /Game/FirstPersonBP/Maps/FirstPersonExampleMap.FirstPersonExampleMap to /Game/FirstPersonBP/Maps/UEDPIE_0_FirstPersonExampleMap.FirstPersonExampleMap (0.018611s)
[2019.05.13-14.16.57:935][184]LogUObjectHash: Compacting FUObjectHashTables data took   4.70ms
[2019.05.13-14.16.57:971][184]LogInit: XAudio2 using 'Speakers (USB Audio Device)' : 2 channels at 48 kHz using 16 bits per sample (channel mask 0x3)
[2019.05.13-14.16.57:986][184]LogInit: FAudioDevice initialized.
[2019.05.13-14.16.58:033][184]LogLoad: Game class is 'FirstPersonGameMode_C'
[2019.05.13-14.16.58:035][184]LogWorld: Bringing World /Game/FirstPersonBP/Maps/UEDPIE_0_FirstPersonExampleMap.FirstPersonExampleMap up for play (max tick rate 0) at 2019.05.13-17.16.58
[2019.05.13-14.16.58:035][184]LogWorld: Bringing up level for play took: 0.001473
[2019.05.13-14.16.58:047][184]LogSpawn: Warning: SpawnActor failed because no class was specified
[2019.05.13-14.16.58:053][184]PIE: Play in editor start time for /Game/FirstPersonBP/Maps/UEDPIE_0_FirstPersonExampleMap 0.598
[2019.05.13-14.16.58:054][184]LogBlueprintUserMessages: Late PlayInEditor Detection: Level '/Game/FirstPersonBP/Maps/FirstPersonExampleMap.FirstPersonExampleMap:PersistentLevel' has LevelScriptBlueprint '/Game/FirstPersonBP/Maps/FirstPersonExampleMap.FirstPersonExampleMap:PersistentLevel.FirstPersonExampleMap' with GeneratedClass '/Game/FirstPersonBP/Maps/FirstPersonExampleMap.FirstPersonExampleMap_C' with ClassGeneratedBy '/Game/FirstPersonBP/Maps/FirstPersonExampleMap.FirstPersonExampleMap:PersistentLevel.FirstPersonExampleMap'
[2019.05.13-14.17.03:350][814]LogBlueprintUserMessages: Early EndPlayMap Detection: Level '/Game/FirstPersonBP/Maps/FirstPersonExampleMap.FirstPersonExampleMap:PersistentLevel' has LevelScriptBlueprint '/Game/FirstPersonBP/Maps/FirstPersonExampleMap.FirstPersonExampleMap:PersistentLevel.FirstPersonExampleMap' with GeneratedClass '/Game/FirstPersonBP/Maps/FirstPersonExampleMap.FirstPersonExampleMap_C' with ClassGeneratedBy '/Game/FirstPersonBP/Maps/FirstPersonExampleMap.FirstPersonExampleMap:PersistentLevel.FirstPersonExampleMap'
[2019.05.13-14.17.03:351][814]LogSlate: Updating window title bar state: overlay mode, drag disabled, window buttons hidden, title bar hidden
[2019.05.13-14.17.03:380][814]LogPlayLevel: Display: Shutting down PIE online subsystems
[2019.05.13-14.17.03:381][814]LogBlueprintUserMessages: Late EndPlayMap Detection: Level '/Game/FirstPersonBP/Maps/FirstPersonExampleMap.FirstPersonExampleMap:PersistentLevel' has LevelScriptBlueprint '/Game/FirstPersonBP/Maps/FirstPersonExampleMap.FirstPersonExampleMap:PersistentLevel.FirstPersonExampleMap' with GeneratedClass '/Game/FirstPersonBP/Maps/FirstPersonExampleMap.FirstPersonExampleMap_C' with ClassGeneratedBy '/Game/FirstPersonBP/Maps/FirstPersonExampleMap.FirstPersonExampleMap:PersistentLevel.FirstPersonExampleMap'
[2019.05.13-14.17.03:427][814]LogSlate: Updating window title bar state: overlay mode, drag disabled, window buttons hidden, title bar hidden
[2019.05.13-14.17.03:433][814]LogUObjectHash: Compacting FUObjectHashTables data took   3.26ms
[2019.05.13-14.17.03:455][815]LogPlayLevel: Display: Destroying online subsystem :Context_15
[2019.05.13-14.18.30:007][581]LogSlate: FSceneViewport::OnFocusLost() reason 2
[2019.05.13-14.19.38:944][877]LogUObjectHash: Compacting FUObjectHashTables data took   1.08ms
[2019.05.13-14.19.38:944][877]LogFileHelpers: Editor autosave (incl. sublevels) for '/Game/FirstPersonBP/Maps/FirstPersonExampleMap' took 0.046
[2019.05.13-14.19.38:949][877]OBJ SavePackage: Generating thumbnails for [1] asset(s) in package [/Game/BuildingSystem/Blueprints/Classes/BP_Master_Building] ([1] browsable assets)...
[2019.05.13-14.19.38:970][877]OBJ SavePackage:     Rendered thumbnail for [Blueprint /Game/BuildingSystem/Blueprints/Classes/BP_Master_Building.BP_Master_Building]
[2019.05.13-14.19.38:970][877]OBJ SavePackage: Finished generating thumbnails for package [/Game/BuildingSystem/Blueprints/Classes/BP_Master_Building]
[2019.05.13-14.19.39:128][877]LogSavePackage: Moving 'C:/Users/Tudor/Documents/Unreal Projects/Beyond-Horizons/Saved/BP_Master_Building_Auto25250E4884F326EBAC5407E80DCC1A6E9.tmp' to 'C:/Users/Tudor/Documents/Unreal Projects/Beyond-Horizons/Saved/Autosaves/Game/BuildingSystem/Blueprints/Classes/BP_Master_Building_Auto2.uasset'
[2019.05.13-14.19.39:130][877]OBJ SavePackage: Generating thumbnails for [0] asset(s) in package [/Game/BuildingSystem/Widgets/W_BuildWidget] ([1] browsable assets)...
[2019.05.13-14.19.39:130][877]OBJ SavePackage: Finished generating thumbnails for package [/Game/BuildingSystem/Widgets/W_BuildWidget]
[2019.05.13-14.19.39:186][877]LogSavePackage: Moving 'C:/Users/Tudor/Documents/Unreal Projects/Beyond-Horizons/Saved/W_BuildWidget_Auto282E298E24590D5D9313E11AAC0FA06D7.tmp' to 'C:/Users/Tudor/Documents/Unreal Projects/Beyond-Horizons/Saved/Autosaves/Game/BuildingSystem/Widgets/W_BuildWidget_Auto2.uasset'
[2019.05.13-14.19.39:188][877]LogFileHelpers: Auto-saving content packages took 0.241
[2019.05.13-14.20.59:442][105]LogEditorViewport: Clicking on Actor (CTRL LMB): StaticMeshActor (Wall4)
[2019.05.13-14.21.00:694][242]LogEditorViewport: Clicking on Actor (CTRL LMB): StaticMeshActor (Wall1)
[2019.05.13-14.21.01:165][291]LogEditorViewport: Clicking on Actor (CTRL LMB): StaticMeshActor (Wall3)
[2019.05.13-14.21.28:297][696]LogSlate: FSceneViewport::OnFocusLost() reason 2
[2019.05.13-14.21.57:208][847]LogSlate: FSceneViewport::OnFocusLost() reason 2
[2019.05.13-14.22.06:321][870]LogEditorViewport: Clicking on Actor (LMB): StaticMeshActor (EditorCube17)
[2019.05.13-14.22.06:944][919]LogEditorViewport: Clicking on Actor (CTRL LMB): StaticMeshActor (EditorCube15)
[2019.05.13-14.22.07:544][983]LogEditorViewport: Clicking on Actor (CTRL LMB): StaticMeshActor (EditorCube16)
[2019.05.13-14.22.07:973][ 27]LogEditorViewport: Clicking on Actor (CTRL LMB): StaticMeshActor (EditorCube21)
[2019.05.13-14.22.08:358][ 66]LogEditorViewport: Clicking on Actor (CTRL LMB): StaticMeshActor (EditorCube20)
[2019.05.13-14.22.08:717][101]LogEditorViewport: Clicking on Actor (CTRL LMB): StaticMeshActor (EditorCube18)
[2019.05.13-14.22.11:843][436]LogEditorViewport: Clicking on Actor (CTRL LMB): StaticMeshActor (EditorCube19)
[2019.05.13-14.22.13:195][578]LogEditorViewport: Clicking on Actor (CTRL LMB): StaticMeshActor (EditorCube8)
[2019.05.13-14.22.13:749][636]LogEditorViewport: Clicking on Actor (CTRL LMB): StaticMeshActor (Wall1)
[2019.05.13-14.22.14:214][685]LogEditorViewport: Clicking on Actor (CTRL LMB): StaticMeshActor (EditorCube9)
[2019.05.13-14.22.14:619][726]LogEditorViewport: Clicking on Actor (CTRL LMB): StaticMeshActor (EditorCube11)
[2019.05.13-14.22.15:010][765]LogEditorViewport: Clicking on Actor (CTRL LMB): StaticMeshActor (EditorCube10)
[2019.05.13-14.22.20:116][332]LogSlate: FSceneViewport::OnFocusLost() reason 2
[2019.05.13-14.22.21:134][424]MapCheck: New page: Map Check
[2019.05.13-14.22.21:139][424]LogSlate: FSceneViewport::OnFocusLost() reason 2
[2019.05.13-14.22.21:162][424]LightingResults: New page: Lighting Build - May 13, 2019, 8:22:21 PM
[2019.05.13-14.22.21:300][424]LogSwarmInterface: [OpenConnection] Registering TCP channel ...
[2019.05.13-14.22.21:555][424]LogSwarmInterface: [OpenConnection] Connecting to agent ...
[2019.05.13-14.22.21:572][424]LogSwarmInterface: [TryOpenConnection] Testing the Agent
[2019.05.13-14.22.22:591][424]LogSwarmInterface: [TryOpenConnection] Opening Connection to Agent
[2019.05.13-14.22.22:591][424]LogSwarmInterface: [TryOpenConnection] Local Process ID is 15860
[2019.05.13-14.22.27:736][424]LogStaticLightingSystem: Running Lightmass w/ ImmediateImport mode ENABLED
[2019.05.13-14.22.27:736][424]LogStaticLightingSystem: Running Lightmass w/ ImmediateProcess mode ENABLED
[2019.05.13-14.22.27:736][424]LogStaticLightingSystem: Running Lightmass w/ Sorting mode ENABLED
[2019.05.13-14.22.27:736][424]LogStaticLightingSystem: Running Lightmass w/ Mapping paddings ENABLED
[2019.05.13-14.22.27:736][424]LogStaticLightingSystem: Running Lightmass w/ Mapping debug paddings DISABLED
[2019.05.13-14.22.27:986][424]LogEditorBuildUtils: Build time 0:06
[2019.05.13-14.22.28:136][428]LogUObjectHash: Compacting FUObjectHashTables data took   3.15ms
[2019.05.13-14.22.45:230][709]LogSlate: FSceneViewport::OnFocusLost() reason 0
[2019.05.13-14.23.18:734][787]Job is a success!
[2019.05.13-14.23.19:217][788]LogVolumetricLightmapImport: Imported Volumetric Lightmap in 0.083s
[2019.05.13-14.23.19:217][788]LogVolumetricLightmapImport:      Indirection Texture 16x16x16 = 0.0Mb
[2019.05.13-14.23.19:217][788]LogVolumetricLightmapImport:      BrickData 325x5x5 = 0.3Mb
[2019.05.13-14.23.19:217][788]LogVolumetricLightmapImport:      Bricks at Level
[2019.05.13-14.23.19:217][788]LogVolumetricLightmapImport:          0: 1.5% covering 100.0% of volume
[2019.05.13-14.23.19:217][788]LogVolumetricLightmapImport:          1: 6.2% covering 6.3% of volume
[2019.05.13-14.23.19:217][788]LogVolumetricLightmapImport:          2: 92.3% covering 1.5% of volume
[2019.05.13-14.23.24:025][788]LogTexture: Display: Building textures: SkyOcclusion1_1 (AutoDXT, 2048X1024)
[2019.05.13-14.23.24:025][788]LogTexture: Display: Building textures: HQ_Lightmap1_1 (AutoDXT, 2048X2048)
[2019.05.13-14.23.24:025][788]LogTexture: Display: Building textures: LQ_Lightmap_1_1 (DXT1, 2048X2048)
[2019.05.13-14.23.24:025][788]LogTexture: Display: Building textures: SkyOcclusion1_2 (AutoDXT, 2048X1024)
[2019.05.13-14.23.24:025][788]LogTexture: Display: Building textures: HQ_Lightmap1_2 (AutoDXT, 2048X2048)
[2019.05.13-14.23.24:025][788]LogTexture: Display: Building textures: LQ_Lightmap_1_2 (DXT1, 2048X2048)
[2019.05.13-14.23.24:025][788]LogTexture: Display: Building textures: SkyOcclusion1_3 (AutoDXT, 2048X1024)
[2019.05.13-14.23.24:025][788]LogTexture: Display: Building textures: HQ_Lightmap1_3 (AutoDXT, 2048X2048)
[2019.05.13-14.23.24:025][788]LogTexture: Display: Building textures: LQ_Lightmap_1_3 (DXT1, 2048X2048)
[2019.05.13-14.23.24:025][788]LogTexture: Display: Building textures: SkyOcclusion1_4 (AutoDXT, 64X32)
[2019.05.13-14.23.24:025][788]LogTexture: Display: Building textures: HQ_Lightmap1_4 (AutoDXT, 64X64)
[2019.05.13-14.23.24:025][788]LogTexture: Display: Building textures: LQ_Lightmap_1_4 (DXT1, 64X64)
[2019.05.13-14.23.24:426][788]LogTexture: Display: Building textures: ShadowMapTexture2D_7 (G8, 1024X1024)
[2019.05.13-14.23.24:426][788]LogTexture: Display: Building textures: ShadowMapTexture2D_6 (G8, 1024X1024)
[2019.05.13-14.23.24:426][788]LogTexture: Display: Building textures: ShadowMapTexture2D_8 (G8, 1024X1024)
[2019.05.13-14.23.24:426][788]LogTexture: Display: Building textures: ShadowMapTexture2D_11 (G8, 32X32)
[2019.05.13-14.23.24:680][788]LogTexture: Display: Building textures: ShadowMapTexture2D_9 (G8, 1024X1024)
[2019.05.13-14.23.24:680][788]LogTexture: Display: Building textures: ShadowMapTexture2D_10 (G8, 1024X1024)
[2019.05.13-14.23.24:729][788]Lightmass on TUDOR-PC: 55.8 sec total, 267 ms importing, 48 ms setup, 8.31 sec photons, 47.1 sec processing, 0 ms extra exporting [6/6 mappings]. Threads: 3:08 min total, 1:45 min processing.
[2019.05.13-14.23.24:745][788]LogStaticLightingSystem: FirstPersonExampleMap_BuiltData storing lightmap data for 6 meshes in 6 LightmapResourceClusters (1.0 Meshes per cluster).
[2019.05.13-14.23.24:812][788]LogUObjectHash: Compacting FUObjectHashTables data took   4.30ms
[2019.05.13-14.23.24:849][788]LogStaticLightingSystem: Illumination: 1:03 min (4.48 sec encoding lightmaps, 653 ms encoding shadowmaps)
[2019.05.13-14.23.24:849][788]LogStaticLightingSystem: Lightmap texture memory:  32.0 MB (32.0 MB streaming, 0.0 MB non-streaming), 8 textures
[2019.05.13-14.23.24:849][788]LogStaticLightingSystem: Shadowmap texture memory: 6.7 MB (6.7 MB streaming, 0.0 MB non-streaming), 6 textures
[2019.05.13-14.23.29:783][788]DumpUnbuiltLightIteractions
[2019.05.13-14.23.29:783][788]Lights with unbuilt interactions: 0
[2019.05.13-14.23.29:783][788]
[2019.05.13-14.23.29:783][788]Primitives with unbuilt interactions: 0
[2019.05.13-14.23.29:883][789]Cmd: MAP CHECK NOTIFYRESULTS
[2019.05.13-14.23.29:883][789]MapCheck: New page: FirstPersonExampleMap - May 13, 2019, 8:23:29 PM
[2019.05.13-14.23.29:922][789]MapCheck: Map check complete: 0 Error(s), 0 Warning(s), took 39.287ms to complete.
[2019.05.13-14.23.44:567][231]LogSlate: FSceneViewport::OnFocusLost() reason 0
[2019.05.13-14.23.51:226][996]LogAssetEditorManager: Opening Asset editor for UserDefinedStruct /Game/BuildingSystem/Blueprints/Structures/S_ResourceData.S_ResourceData
[2019.05.13-14.23.56:068][478]LogSlate: Window 'S_ResourceData' being destroyed
[2019.05.13-14.23.56:072][478]LogSlate: Window 'S_ResourceData' being destroyed
[2019.05.13-14.23.56:995][561]LogSlate: FSceneViewport::OnFocusLost() reason 0
[2019.05.13-14.23.57:150][578]LogAssetEditorManager: Opening Asset editor for UserDefinedStruct /Game/BuildingSystem/Blueprints/Structures/S_statValue.S_statValue
[2019.05.13-14.23.59:249][798]LogSlate: Window 'S_statValue' being destroyed
[2019.05.13-14.23.59:253][798]LogSlate: Window 'S_statValue' being destroyed
[2019.05.13-14.24.01:262][ 22]LogSlate: FSceneViewport::OnFocusLost() reason 0
[2019.05.13-14.24.06:275][585]LogAssetEditorManager: Opening Asset editor for UserDefinedEnum /Game/BuildingSystem/Blueprints/Enums/E_stats.E_stats
[2019.05.13-14.24.11:647][156]LogSlate: Window 'E_stats' being destroyed
[2019.05.13-14.24.11:650][156]LogSlate: Window 'E_stats' being destroyed
[2019.05.13-14.24.23:960][732]LogSlate: FSceneViewport::OnFocusLost() reason 0
[2019.05.13-14.24.24:129][750]LogAssetEditorManager: Opening Asset editor for UserDefinedEnum /Game/BuildingSystem/Blueprints/Enums/E_BuildingStates.E_BuildingStates
[2019.05.13-14.24.26:210][973]LogSlate: Window 'E_BuildingStates' being destroyed
[2019.05.13-14.24.26:213][973]LogSlate: Window 'E_BuildingStates' being destroyed
[2019.05.13-14.24.31:601][286]LogSlate: FSceneViewport::OnFocusLost() reason 0
[2019.05.13-14.24.31:769][305]LogAssetEditorManager: Opening Asset editor for UserDefinedEnum /Game/BuildingSystem/Blueprints/Enums/E_stats.E_stats
[2019.05.13-14.24.34:709][589]LogSlate: Window 'E_stats' being destroyed
[2019.05.13-14.24.34:713][589]LogSlate: Window 'E_stats' being destroyed
[2019.05.13-14.24.35:728][699]LogSlate: FSceneViewport::OnFocusLost() reason 0
[2019.05.13-14.24.50:400][255]LogAssetEditorManager: Opening Asset editor for UserDefinedEnum /Game/BuildingSystem/Blueprints/Enums/E_stats.E_stats
[2019.05.13-14.24.57:224][  7]LogSlate: Window 'E_stats' being destroyed
[2019.05.13-14.24.57:228][  7]LogSlate: Window 'E_stats' being destroyed
[2019.05.13-14.24.58:213][114]LogAssetEditorManager: Opening Asset editor for UserDefinedEnum /Game/BuildingSystem/Blueprints/Enums/E_Professions.E_Professions
[2019.05.13-14.25.14:571][745]LogSlate: Window 'E_Professions' being destroyed
[2019.05.13-14.25.14:574][745]LogSlate: Window 'E_Professions' being destroyed
[2019.05.13-14.25.30:361][500]LogSlate: FSceneViewport::OnFocusLost() reason 0
[2019.05.13-14.28.46:263][110]LogAssetEditorManager: Opening Asset editor for Blueprint /Game/FirstPersonBP/Blueprints/FirstPersonCharacter.FirstPersonCharacter
[2019.05.13-14.29.43:246][460]LogAssetEditorManager: Opening Asset editor for Blueprint /Game/BuildingSystem/Blueprints/Classes/BP_Master_Building.BP_Master_Building
[2019.05.13-14.29.55:238][317]LogRenderer: Reallocating scene render targets to support 1208x712 Format 10 NumSamples 1 (Frame:1).
[2019.05.13-14.30.15:816][ 24]LogAssetEditorManager: Opening Asset editor for UserDefinedEnum /Game/BuildingSystem/Blueprints/Enums/E_PlayerStates.E_PlayerStates
[2019.05.13-14.30.18:246][303]LogSlate: Window 'E_PlayerStates' being destroyed
[2019.05.13-14.30.18:250][303]LogSlate: Window 'E_PlayerStates' being destroyed
[2019.05.13-14.30.18:342][303]LogActorComponent: UnregisterComponent: (/Engine/Transient.EditorFloorComp) Not registered. Aborting.
[2019.05.13-14.30.36:520][120]LogAssetEditorManager: Opening Asset editor for Blueprint /Game/FirstPersonBP/Blueprints/FirstPersonCharacter.FirstPersonCharacter
[2019.05.13-14.31.01:716][214]LogUObjectHash: Compacting FUObjectHashTables data took  10.80ms
[2019.05.13-14.31.02:164][214]LogSavePackage: Moving 'C:/Users/Tudor/Documents/Unreal Projects/Beyond-Horizons/Saved/FirstPersonExampleMap_Auto36B00C7DE4E3B0A68D7EEA1BC27CB5BBB.tmp' to 'C:/Users/Tudor/Documents/Unreal Projects/Beyond-Horizons/Saved/Autosaves/Game/FirstPersonBP/Maps/FirstPersonExampleMap_Auto3.umap'
[2019.05.13-14.31.02:186][214]LogFileHelpers: Editor autosave (incl. sublevels) for '/Game/FirstPersonBP/Maps/FirstPersonExampleMap' took 0.617
[2019.05.13-14.31.02:186][214]LogFileHelpers: Editor autosave (incl. sublevels) for all levels took 0.617
[2019.05.13-14.31.02:193][214]OBJ SavePackage: Generating thumbnails for [0] asset(s) in package [/Game/BuildingSystem/Blueprints/Classes/BPC_BuildingsStats] ([1] browsable assets)...
[2019.05.13-14.31.02:193][214]OBJ SavePackage: Finished generating thumbnails for package [/Game/BuildingSystem/Blueprints/Classes/BPC_BuildingsStats]
[2019.05.13-14.31.02:263][214]LogSavePackage: Moving 'C:/Users/Tudor/Documents/Unreal Projects/Beyond-Horizons/Saved/BPC_BuildingsStats_Auto3A8E138C34526B5A8F4D37992A801B366.tmp' to 'C:/Users/Tudor/Documents/Unreal Projects/Beyond-Horizons/Saved/Autosaves/Game/BuildingSystem/Blueprints/Classes/BPC_BuildingsStats_Auto3.uasset'
[2019.05.13-14.31.02:267][214]OBJ SavePackage: Generating thumbnails for [0] asset(s) in package [/Game/BuildingSystem/Blueprints/Classes/BPC_Master_StatManager] ([1] browsable assets)...
[2019.05.13-14.31.02:267][214]OBJ SavePackage: Finished generating thumbnails for package [/Game/BuildingSystem/Blueprints/Classes/BPC_Master_StatManager]
[2019.05.13-14.31.02:337][214]LogSavePackage: Moving 'C:/Users/Tudor/Documents/Unreal Projects/Beyond-Horizons/Saved/BPC_Master_StatManager_Auto3E11C0D2945D5F3E213947989F23D5285.tmp' to 'C:/Users/Tudor/Documents/Unreal Projects/Beyond-Horizons/Saved/Autosaves/Game/BuildingSystem/Blueprints/Classes/BPC_Master_StatManager_Auto3.uasset'
[2019.05.13-14.31.02:340][214]OBJ SavePackage: Generating thumbnails for [0] asset(s) in package [/Game/BuildingSystem/Blueprints/Enums/E_stats] ([1] browsable assets)...
[2019.05.13-14.31.02:340][214]OBJ SavePackage: Finished generating thumbnails for package [/Game/BuildingSystem/Blueprints/Enums/E_stats]
[2019.05.13-14.31.02:362][214]LogSavePackage: Moving 'C:/Users/Tudor/Documents/Unreal Projects/Beyond-Horizons/Saved/E_stats_Auto328747A754EE182E00A59DAB2D6A5588A.tmp' to 'C:/Users/Tudor/Documents/Unreal Projects/Beyond-Horizons/Saved/Autosaves/Game/BuildingSystem/Blueprints/Enums/E_stats_Auto3.uasset'
[2019.05.13-14.31.02:363][214]OBJ SavePackage: Generating thumbnails for [0] asset(s) in package [/Game/BuildingSystem/Blueprints/Classes/BPC_PlayerStats] ([1] browsable assets)...
[2019.05.13-14.31.02:363][214]OBJ SavePackage: Finished generating thumbnails for package [/Game/BuildingSystem/Blueprints/Classes/BPC_PlayerStats]
[2019.05.13-14.31.02:418][214]LogSavePackage: Moving 'C:/Users/Tudor/Documents/Unreal Projects/Beyond-Horizons/Saved/BPC_PlayerStats_Auto339040F43450BDB124999B0A2C62601EB.tmp' to 'C:/Users/Tudor/Documents/Unreal Projects/Beyond-Horizons/Saved/Autosaves/Game/BuildingSystem/Blueprints/Classes/BPC_PlayerStats_Auto3.uasset'
[2019.05.13-14.31.02:420][214]OBJ SavePackage: Generating thumbnails for [0] asset(s) in package [/Game/BuildingSystem/Blueprints/Enums/E_Professions] ([1] browsable assets)...
[2019.05.13-14.31.02:420][214]OBJ SavePackage: Finished generating thumbnails for package [/Game/BuildingSystem/Blueprints/Enums/E_Professions]
[2019.05.13-14.31.02:430][214]LogSavePackage: Moving 'C:/Users/Tudor/Documents/Unreal Projects/Beyond-Horizons/Saved/E_Professions_Auto33DF7B75D4D3A84C3EC6A7F9457715674.tmp' to 'C:/Users/Tudor/Documents/Unreal Projects/Beyond-Horizons/Saved/Autosaves/Game/BuildingSystem/Blueprints/Enums/E_Professions_Auto3.uasset'
[2019.05.13-14.31.02:431][214]LogFileHelpers: Auto-saving content packages took 0.238
[2019.05.13-16.08.53:423][603]LogSlate: Took 0.018989 seconds to synchronously load lazily loaded font '../../../Engine/Content/Slate/Fonts/Roboto-BoldCondensedItalic.ttf' (160K)
[2019.05.13-16.09.32:012][870]LogUObjectHash: Compacting FUObjectHashTables data took   8.47ms
[2019.05.13-16.09.32:279][870]LogSavePackage: Moving 'C:/Users/Tudor/Documents/Unreal Projects/Beyond-Horizons/Saved/FirstPersonExampleMap_Auto46688791143BDC890AF513E9DF72A5633.tmp' to 'C:/Users/Tudor/Documents/Unreal Projects/Beyond-Horizons/Saved/Autosaves/Game/FirstPersonBP/Maps/FirstPersonExampleMap_Auto4.umap'
[2019.05.13-16.09.32:282][870]LogFileHelpers: Editor autosave (incl. sublevels) for '/Game/FirstPersonBP/Maps/FirstPersonExampleMap' took 0.412
[2019.05.13-16.09.32:283][870]LogFileHelpers: Editor autosave (incl. sublevels) for all levels took 0.412
[2019.05.13-16.09.32:284][870]OBJ SavePackage: Generating thumbnails for [0] asset(s) in package [/Game/FirstPersonBP/Blueprints/FirstPersonCharacter] ([1] browsable assets)...
[2019.05.13-16.09.32:284][870]OBJ SavePackage: Finished generating thumbnails for package [/Game/FirstPersonBP/Blueprints/FirstPersonCharacter]
[2019.05.13-16.09.32:433][870]LogSavePackage: Moving 'C:/Users/Tudor/Documents/Unreal Projects/Beyond-Horizons/Saved/FirstPersonCharacter_Auto4895763424F6DFF58E89366A8E467875B.tmp' to 'C:/Users/Tudor/Documents/Unreal Projects/Beyond-Horizons/Saved/Autosaves/Game/FirstPersonBP/Blueprints/FirstPersonCharacter_Auto4.uasset'
[2019.05.13-16.09.32:435][870]LogFileHelpers: Auto-saving content packages took 0.152
